2023-09-03 22:21:37: Message => Route not found
2023-09-03 22:21:37: Route => "/portfolio/"
2023-09-03 22:21:37: Trace => #0 C:\xampp\htdocs\framework_clean\web\app.php(28): App\AppRouter::setup()
2023-09-03 22:21:37: Trace => #1 C:\xampp\htdocs\framework_clean\web\app.php(32): Framework::boot()
2023-09-03 22:21:37: Trace => #2 {main}
2023-09-03 23:41:24: Message => Declared parameter doesn't match the injected
2023-09-03 23:41:24: Route => "/test/test"
2023-09-03 23:41:24: Trace => #0 C:\xampp\htdocs\framework_clean\lib\Core\Services.php(13): Core\Services::register()
2023-09-03 23:41:24: Trace => #1 C:\xampp\htdocs\framework_clean\web\app.php(26): Core\Services::setup()
2023-09-03 23:41:24: Trace => #2 C:\xampp\htdocs\framework_clean\web\app.php(32): Framework::boot()
2023-09-03 23:41:24: Trace => #3 {main}
2023-09-03 23:41:44: Message => Declared parameter doesn't match the injected
2023-09-03 23:41:44: Route => "/test/test"
2023-09-03 23:41:44: Trace => #0 C:\xampp\htdocs\framework_clean\lib\Core\Services.php(13): Core\Services::register()
2023-09-03 23:41:44: Trace => #1 C:\xampp\htdocs\framework_clean\web\app.php(26): Core\Services::setup()
2023-09-03 23:41:44: Trace => #2 C:\xampp\htdocs\framework_clean\web\app.php(32): Framework::boot()
2023-09-03 23:41:44: Trace => #3 {main}
2023-09-03 23:41:44: Message => Declared parameter doesn't match the injected
2023-09-03 23:41:44: Route => "/test/test"
2023-09-03 23:41:44: Trace => #0 C:\xampp\htdocs\framework_clean\lib\Core\Services.php(13): Core\Services::register()
2023-09-03 23:41:44: Trace => #1 C:\xampp\htdocs\framework_clean\web\app.php(26): Core\Services::setup()
2023-09-03 23:41:44: Trace => #2 C:\xampp\htdocs\framework_clean\web\app.php(32): Framework::boot()
2023-09-03 23:41:44: Trace => #3 {main}
2023-09-03 23:41:45: Message => Declared parameter doesn't match the injected
2023-09-03 23:41:45: Route => "/test/test"
2023-09-03 23:41:45: Trace => #0 C:\xampp\htdocs\framework_clean\lib\Core\Services.php(13): Core\Services::register()
2023-09-03 23:41:45: Trace => #1 C:\xampp\htdocs\framework_clean\web\app.php(26): Core\Services::setup()
2023-09-03 23:41:45: Trace => #2 C:\xampp\htdocs\framework_clean\web\app.php(32): Framework::boot()
2023-09-03 23:41:45: Trace => #3 {main}
2023-09-03 23:41:45: Message => Declared parameter doesn't match the injected
2023-09-03 23:41:45: Route => "/test/test"
2023-09-03 23:41:45: Trace => #0 C:\xampp\htdocs\framework_clean\lib\Core\Services.php(13): Core\Services::register()
2023-09-03 23:41:45: Trace => #1 C:\xampp\htdocs\framework_clean\web\app.php(26): Core\Services::setup()
2023-09-03 23:41:45: Trace => #2 C:\xampp\htdocs\framework_clean\web\app.php(32): Framework::boot()
2023-09-03 23:41:45: Trace => #3 {main}
2023-09-03 23:41:45: Message => Declared parameter doesn't match the injected
2023-09-03 23:41:45: Route => "/test/test"
2023-09-03 23:41:45: Trace => #0 C:\xampp\htdocs\framework_clean\lib\Core\Services.php(13): Core\Services::register()
2023-09-03 23:41:45: Trace => #1 C:\xampp\htdocs\framework_clean\web\app.php(26): Core\Services::setup()
2023-09-03 23:41:45: Trace => #2 C:\xampp\htdocs\framework_clean\web\app.php(32): Framework::boot()
2023-09-03 23:41:45: Trace => #3 {main}
2023-09-03 23:53:35: Message => Declared parameter doesn't match the injected
2023-09-03 23:53:35: Route => "/test/test"
2023-09-03 23:53:35: Trace => #0 C:\xampp\htdocs\framework_clean\lib\Core\Services.php(13): Core\Services::register()
2023-09-03 23:53:35: Trace => #1 C:\xampp\htdocs\framework_clean\web\app.php(26): Core\Services::setup()
2023-09-03 23:53:35: Trace => #2 C:\xampp\htdocs\framework_clean\web\app.php(32): Framework::boot()
2023-09-03 23:53:35: Trace => #3 {main}
2023-09-03 23:53:42: Message => Declared parameter doesn't match the injected
2023-09-03 23:53:42: Route => "/test/test"
2023-09-03 23:53:42: Trace => #0 C:\xampp\htdocs\framework_clean\lib\Core\Services.php(13): Core\Services::register()
2023-09-03 23:53:42: Trace => #1 C:\xampp\htdocs\framework_clean\web\app.php(26): Core\Services::setup()
2023-09-03 23:53:42: Trace => #2 C:\xampp\htdocs\framework_clean\web\app.php(32): Framework::boot()
2023-09-03 23:53:42: Trace => #3 {main}
2023-09-03 23:53:43: Message => Declared parameter doesn't match the injected
2023-09-03 23:53:43: Route => "/test/test"
2023-09-03 23:53:43: Trace => #0 C:\xampp\htdocs\framework_clean\lib\Core\Services.php(13): Core\Services::register()
2023-09-03 23:53:43: Trace => #1 C:\xampp\htdocs\framework_clean\web\app.php(26): Core\Services::setup()
2023-09-03 23:53:43: Trace => #2 C:\xampp\htdocs\framework_clean\web\app.php(32): Framework::boot()
2023-09-03 23:53:43: Trace => #3 {main}
2023-09-03 23:53:43: Message => Declared parameter doesn't match the injected
2023-09-03 23:53:43: Route => "/test/test"
2023-09-03 23:53:43: Trace => #0 C:\xampp\htdocs\framework_clean\lib\Core\Services.php(13): Core\Services::register()
2023-09-03 23:53:43: Trace => #1 C:\xampp\htdocs\framework_clean\web\app.php(26): Core\Services::setup()
2023-09-03 23:53:43: Trace => #2 C:\xampp\htdocs\framework_clean\web\app.php(32): Framework::boot()
2023-09-03 23:53:43: Trace => #3 {main}
2023-09-03 23:53:43: Message => Declared parameter doesn't match the injected
2023-09-03 23:53:43: Route => "/test/test"
2023-09-03 23:53:43: Trace => #0 C:\xampp\htdocs\framework_clean\lib\Core\Services.php(13): Core\Services::register()
2023-09-03 23:53:43: Trace => #1 C:\xampp\htdocs\framework_clean\web\app.php(26): Core\Services::setup()
2023-09-03 23:53:43: Trace => #2 C:\xampp\htdocs\framework_clean\web\app.php(32): Framework::boot()
2023-09-03 23:53:43: Trace => #3 {main}
2023-09-03 23:53:43: Message => Declared parameter doesn't match the injected
2023-09-03 23:53:43: Route => "/test/test"
2023-09-03 23:53:43: Trace => #0 C:\xampp\htdocs\framework_clean\lib\Core\Services.php(13): Core\Services::register()
2023-09-03 23:53:43: Trace => #1 C:\xampp\htdocs\framework_clean\web\app.php(26): Core\Services::setup()
2023-09-03 23:53:43: Trace => #2 C:\xampp\htdocs\framework_clean\web\app.php(32): Framework::boot()
2023-09-03 23:53:43: Trace => #3 {main}
2023-09-03 23:53:44: Message => Declared parameter doesn't match the injected
2023-09-03 23:53:44: Route => "/test/test"
2023-09-03 23:53:44: Trace => #0 C:\xampp\htdocs\framework_clean\lib\Core\Services.php(13): Core\Services::register()
2023-09-03 23:53:44: Trace => #1 C:\xampp\htdocs\framework_clean\web\app.php(26): Core\Services::setup()
2023-09-03 23:53:44: Trace => #2 C:\xampp\htdocs\framework_clean\web\app.php(32): Framework::boot()
2023-09-03 23:53:44: Trace => #3 {main}
2023-09-03 23:53:44: Message => Declared parameter doesn't match the injected
2023-09-03 23:53:44: Route => "/test/test"
2023-09-03 23:53:44: Trace => #0 C:\xampp\htdocs\framework_clean\lib\Core\Services.php(13): Core\Services::register()
2023-09-03 23:53:44: Trace => #1 C:\xampp\htdocs\framework_clean\web\app.php(26): Core\Services::setup()
2023-09-03 23:53:44: Trace => #2 C:\xampp\htdocs\framework_clean\web\app.php(32): Framework::boot()
2023-09-03 23:53:44: Trace => #3 {main}
2023-09-03 23:53:47: Message => Declared parameter doesn't match the injected
2023-09-03 23:53:47: Route => "/test/test"
2023-09-03 23:53:47: Trace => #0 C:\xampp\htdocs\framework_clean\lib\Core\Services.php(13): Core\Services::register()
2023-09-03 23:53:47: Trace => #1 C:\xampp\htdocs\framework_clean\web\app.php(26): Core\Services::setup()
2023-09-03 23:53:47: Trace => #2 C:\xampp\htdocs\framework_clean\web\app.php(32): Framework::boot()
2023-09-03 23:53:47: Trace => #3 {main}
2023-09-03 23:53:47: Message => Declared parameter doesn't match the injected
2023-09-03 23:53:47: Route => "/test/test"
2023-09-03 23:53:47: Trace => #0 C:\xampp\htdocs\framework_clean\lib\Core\Services.php(13): Core\Services::register()
2023-09-03 23:53:47: Trace => #1 C:\xampp\htdocs\framework_clean\web\app.php(26): Core\Services::setup()
2023-09-03 23:53:47: Trace => #2 C:\xampp\htdocs\framework_clean\web\app.php(32): Framework::boot()
2023-09-03 23:53:47: Trace => #3 {main}
2023-09-03 23:54:08: Message => Declared parameter doesn't match the injected
2023-09-03 23:54:08: Route => "/test/test"
2023-09-03 23:54:08: Trace => #0 C:\xampp\htdocs\framework_clean\lib\Core\Services.php(13): Core\Services::register()
2023-09-03 23:54:08: Trace => #1 C:\xampp\htdocs\framework_clean\web\app.php(26): Core\Services::setup()
2023-09-03 23:54:08: Trace => #2 C:\xampp\htdocs\framework_clean\web\app.php(32): Framework::boot()
2023-09-03 23:54:08: Trace => #3 {main}
2023-09-03 23:55:30: Message => Declared parameter doesn't match the injected
2023-09-03 23:55:30: Route => "/test/test"
2023-09-03 23:55:30: Trace => #0 C:\xampp\htdocs\framework_clean\lib\Core\Services.php(13): Core\Services::register()
2023-09-03 23:55:30: Trace => #1 C:\xampp\htdocs\framework_clean\web\app.php(26): Core\Services::setup()
2023-09-03 23:55:30: Trace => #2 C:\xampp\htdocs\framework_clean\web\app.php(32): Framework::boot()
2023-09-03 23:55:30: Trace => #3 {main}
2023-09-03 23:57:33: Message => Declared parameter doesn't match the injected
2023-09-03 23:57:33: Route => "/test/test"
2023-09-03 23:57:33: Trace => #0 C:\xampp\htdocs\framework_clean\lib\Core\Services.php(13): Core\Services::register()
2023-09-03 23:57:33: Trace => #1 C:\xampp\htdocs\framework_clean\web\app.php(26): Core\Services::setup()
2023-09-03 23:57:33: Trace => #2 C:\xampp\htdocs\framework_clean\web\app.php(32): Framework::boot()
2023-09-03 23:57:33: Trace => #3 {main}
2023-09-03 23:59:47: Message => Declared parameter doesn't match the injected
2023-09-03 23:59:47: Route => "/test/test"
2023-09-03 23:59:47: Trace => #0 C:\xampp\htdocs\framework_clean\lib\Core\Services.php(13): Core\Services::register()
2023-09-03 23:59:47: Trace => #1 C:\xampp\htdocs\framework_clean\web\app.php(26): Core\Services::setup()
2023-09-03 23:59:47: Trace => #2 C:\xampp\htdocs\framework_clean\web\app.php(32): Framework::boot()
2023-09-03 23:59:47: Trace => #3 {main}
