2023-09-02 10:53:36: Message => Route not found
2023-09-02 10:53:36: Route => "/framework_clean/"
2023-09-02 10:53:36: Trace => #0 C:\xampp\htdocs\framework_clean\web\app.php(27): App\AppRouter::setup()
2023-09-02 10:53:36: Trace => #1 C:\xampp\htdocs\framework_clean\web\app.php(33): Framework::boot()
2023-09-02 10:53:36: Trace => #2 {main}
2023-09-02 11:38:03: Message => Block Array is not closed
2023-09-02 11:38:03: Route => "/"
2023-09-02 11:38:03: Trace => #0 C:\xampp\htdocs\framework_clean\src\Views\Globals\box-layout.php(12): getBlock('css')
2023-09-02 11:38:03: Trace => #1 C:\xampp\htdocs\framework_clean\src\Views\Default\index.php(292): include_once('C:\\xampp\\htdocs...')
2023-09-02 11:38:03: Trace => #2 C:\xampp\htdocs\framework_clean\lib\Core\View.php(36): require('C:\\xampp\\htdocs...')
2023-09-02 11:38:03: Trace => #3 C:\xampp\htdocs\framework_clean\lib\Core\View.php(19): Core\View->getContent('Default/index.p...', Array)
2023-09-02 11:38:03: Trace => #4 C:\xampp\htdocs\framework_clean\lib\Core\Abstracts\Controller.php(44): Core\View->render('Default/index.p...', Array)
2023-09-02 11:38:03: Trace => #5 C:\xampp\htdocs\framework_clean\src\Controllers\IndexBundle\IndexController.php(11): Core\Abstracts\Controller->render('Default/index.p...', Array)
2023-09-02 11:38:03: Trace => #6 C:\xampp\htdocs\framework_clean\lib\App\AppRouter.php(75): Controllers\IndexBundle\IndexController->indexAction()
2023-09-02 11:38:03: Trace => #7 C:\xampp\htdocs\framework_clean\web\app.php(27): App\AppRouter::setup()
2023-09-02 11:38:03: Trace => #8 C:\xampp\htdocs\framework_clean\web\app.php(32): Framework::boot()
2023-09-02 11:38:03: Trace => #9 {main}
2023-09-02 11:38:12: Message => Block Array is not closed
2023-09-02 11:38:12: Route => "/"
2023-09-02 11:38:12: Trace => #0 C:\xampp\htdocs\framework_clean\src\Views\Globals\box-layout.php(12): getBlock('css')
2023-09-02 11:38:12: Trace => #1 C:\xampp\htdocs\framework_clean\src\Views\Default\index.php(292): include_once('C:\\xampp\\htdocs...')
2023-09-02 11:38:12: Trace => #2 C:\xampp\htdocs\framework_clean\lib\Core\View.php(36): require('C:\\xampp\\htdocs...')
2023-09-02 11:38:12: Trace => #3 C:\xampp\htdocs\framework_clean\lib\Core\View.php(19): Core\View->getContent('Default/index.p...', Array)
2023-09-02 11:38:12: Trace => #4 C:\xampp\htdocs\framework_clean\lib\Core\Abstracts\Controller.php(44): Core\View->render('Default/index.p...', Array)
2023-09-02 11:38:12: Trace => #5 C:\xampp\htdocs\framework_clean\src\Controllers\IndexBundle\IndexController.php(11): Core\Abstracts\Controller->render('Default/index.p...', Array)
2023-09-02 11:38:12: Trace => #6 C:\xampp\htdocs\framework_clean\lib\App\AppRouter.php(75): Controllers\IndexBundle\IndexController->indexAction()
2023-09-02 11:38:12: Trace => #7 C:\xampp\htdocs\framework_clean\web\app.php(27): App\AppRouter::setup()
2023-09-02 11:38:12: Trace => #8 C:\xampp\htdocs\framework_clean\web\app.php(32): Framework::boot()
2023-09-02 11:38:12: Trace => #9 {main}
2023-09-02 11:38:12: Message => Block Array is not closed
2023-09-02 11:38:12: Route => "/"
2023-09-02 11:38:12: Trace => #0 C:\xampp\htdocs\framework_clean\src\Views\Globals\box-layout.php(12): getBlock('css')
2023-09-02 11:38:12: Trace => #1 C:\xampp\htdocs\framework_clean\src\Views\Default\index.php(292): include_once('C:\\xampp\\htdocs...')
2023-09-02 11:38:12: Trace => #2 C:\xampp\htdocs\framework_clean\lib\Core\View.php(36): require('C:\\xampp\\htdocs...')
2023-09-02 11:38:12: Trace => #3 C:\xampp\htdocs\framework_clean\lib\Core\View.php(19): Core\View->getContent('Default/index.p...', Array)
2023-09-02 11:38:12: Trace => #4 C:\xampp\htdocs\framework_clean\lib\Core\Abstracts\Controller.php(44): Core\View->render('Default/index.p...', Array)
2023-09-02 11:38:12: Trace => #5 C:\xampp\htdocs\framework_clean\src\Controllers\IndexBundle\IndexController.php(11): Core\Abstracts\Controller->render('Default/index.p...', Array)
2023-09-02 11:38:12: Trace => #6 C:\xampp\htdocs\framework_clean\lib\App\AppRouter.php(75): Controllers\IndexBundle\IndexController->indexAction()
2023-09-02 11:38:12: Trace => #7 C:\xampp\htdocs\framework_clean\web\app.php(27): App\AppRouter::setup()
2023-09-02 11:38:12: Trace => #8 C:\xampp\htdocs\framework_clean\web\app.php(32): Framework::boot()
2023-09-02 11:38:12: Trace => #9 {main}
2023-09-02 11:38:13: Message => Block Array is not closed
2023-09-02 11:38:13: Route => "/"
2023-09-02 11:38:13: Trace => #0 C:\xampp\htdocs\framework_clean\src\Views\Globals\box-layout.php(12): getBlock('css')
2023-09-02 11:38:13: Trace => #1 C:\xampp\htdocs\framework_clean\src\Views\Default\index.php(292): include_once('C:\\xampp\\htdocs...')
2023-09-02 11:38:13: Trace => #2 C:\xampp\htdocs\framework_clean\lib\Core\View.php(36): require('C:\\xampp\\htdocs...')
2023-09-02 11:38:13: Trace => #3 C:\xampp\htdocs\framework_clean\lib\Core\View.php(19): Core\View->getContent('Default/index.p...', Array)
2023-09-02 11:38:13: Trace => #4 C:\xampp\htdocs\framework_clean\lib\Core\Abstracts\Controller.php(44): Core\View->render('Default/index.p...', Array)
2023-09-02 11:38:13: Trace => #5 C:\xampp\htdocs\framework_clean\src\Controllers\IndexBundle\IndexController.php(11): Core\Abstracts\Controller->render('Default/index.p...', Array)
2023-09-02 11:38:13: Trace => #6 C:\xampp\htdocs\framework_clean\lib\App\AppRouter.php(75): Controllers\IndexBundle\IndexController->indexAction()
2023-09-02 11:38:13: Trace => #7 C:\xampp\htdocs\framework_clean\web\app.php(27): App\AppRouter::setup()
2023-09-02 11:38:13: Trace => #8 C:\xampp\htdocs\framework_clean\web\app.php(32): Framework::boot()
2023-09-02 11:38:13: Trace => #9 {main}
2023-09-02 11:38:30: Message => Block css is not closed
2023-09-02 11:38:30: Route => "/"
2023-09-02 11:38:30: Trace => #0 C:\xampp\htdocs\framework_clean\src\Views\Globals\box-layout.php(12): getBlock('css')
2023-09-02 11:38:30: Trace => #1 C:\xampp\htdocs\framework_clean\src\Views\Default\index.php(292): include_once('C:\\xampp\\htdocs...')
2023-09-02 11:38:30: Trace => #2 C:\xampp\htdocs\framework_clean\lib\Core\View.php(36): require('C:\\xampp\\htdocs...')
2023-09-02 11:38:30: Trace => #3 C:\xampp\htdocs\framework_clean\lib\Core\View.php(19): Core\View->getContent('Default/index.p...', Array)
2023-09-02 11:38:30: Trace => #4 C:\xampp\htdocs\framework_clean\lib\Core\Abstracts\Controller.php(44): Core\View->render('Default/index.p...', Array)
2023-09-02 11:38:30: Trace => #5 C:\xampp\htdocs\framework_clean\src\Controllers\IndexBundle\IndexController.php(11): Core\Abstracts\Controller->render('Default/index.p...', Array)
2023-09-02 11:38:30: Trace => #6 C:\xampp\htdocs\framework_clean\lib\App\AppRouter.php(75): Controllers\IndexBundle\IndexController->indexAction()
2023-09-02 11:38:30: Trace => #7 C:\xampp\htdocs\framework_clean\web\app.php(27): App\AppRouter::setup()
2023-09-02 11:38:30: Trace => #8 C:\xampp\htdocs\framework_clean\web\app.php(32): Framework::boot()
2023-09-02 11:38:30: Trace => #9 {main}
2023-09-02 11:40:50: Message => Block css is not closed
2023-09-02 11:40:50: Route => "/"
2023-09-02 11:40:50: Trace => #0 C:\xampp\htdocs\framework_clean\src\Views\Globals\box-layout.php(12): getBlock('css')
2023-09-02 11:40:50: Trace => #1 C:\xampp\htdocs\framework_clean\src\Views\Default\index.php(292): include_once('C:\\xampp\\htdocs...')
2023-09-02 11:40:50: Trace => #2 C:\xampp\htdocs\framework_clean\lib\Core\View.php(36): require('C:\\xampp\\htdocs...')
2023-09-02 11:40:50: Trace => #3 C:\xampp\htdocs\framework_clean\lib\Core\View.php(19): Core\View->getContent('Default/index.p...', Array)
2023-09-02 11:40:50: Trace => #4 C:\xampp\htdocs\framework_clean\lib\Core\Abstracts\Controller.php(44): Core\View->render('Default/index.p...', Array)
2023-09-02 11:40:50: Trace => #5 C:\xampp\htdocs\framework_clean\src\Controllers\IndexBundle\IndexController.php(11): Core\Abstracts\Controller->render('Default/index.p...', Array)
2023-09-02 11:40:50: Trace => #6 C:\xampp\htdocs\framework_clean\lib\App\AppRouter.php(75): Controllers\IndexBundle\IndexController->indexAction()
2023-09-02 11:40:50: Trace => #7 C:\xampp\htdocs\framework_clean\web\app.php(27): App\AppRouter::setup()
2023-09-02 11:40:50: Trace => #8 C:\xampp\htdocs\framework_clean\web\app.php(32): Framework::boot()
2023-09-02 11:40:50: Trace => #9 {main}
2023-09-02 11:40:51: Message => Block css is not closed
2023-09-02 11:40:51: Route => "/"
2023-09-02 11:40:51: Trace => #0 C:\xampp\htdocs\framework_clean\src\Views\Globals\box-layout.php(12): getBlock('css')
2023-09-02 11:40:51: Trace => #1 C:\xampp\htdocs\framework_clean\src\Views\Default\index.php(292): include_once('C:\\xampp\\htdocs...')
2023-09-02 11:40:51: Trace => #2 C:\xampp\htdocs\framework_clean\lib\Core\View.php(36): require('C:\\xampp\\htdocs...')
2023-09-02 11:40:51: Trace => #3 C:\xampp\htdocs\framework_clean\lib\Core\View.php(19): Core\View->getContent('Default/index.p...', Array)
2023-09-02 11:40:51: Trace => #4 C:\xampp\htdocs\framework_clean\lib\Core\Abstracts\Controller.php(44): Core\View->render('Default/index.p...', Array)
2023-09-02 11:40:51: Trace => #5 C:\xampp\htdocs\framework_clean\src\Controllers\IndexBundle\IndexController.php(11): Core\Abstracts\Controller->render('Default/index.p...', Array)
2023-09-02 11:40:51: Trace => #6 C:\xampp\htdocs\framework_clean\lib\App\AppRouter.php(75): Controllers\IndexBundle\IndexController->indexAction()
2023-09-02 11:40:51: Trace => #7 C:\xampp\htdocs\framework_clean\web\app.php(27): App\AppRouter::setup()
2023-09-02 11:40:51: Trace => #8 C:\xampp\htdocs\framework_clean\web\app.php(32): Framework::boot()
2023-09-02 11:40:51: Trace => #9 {main}
2023-09-02 11:40:51: Message => Block css is not closed
2023-09-02 11:40:51: Route => "/"
2023-09-02 11:40:51: Trace => #0 C:\xampp\htdocs\framework_clean\src\Views\Globals\box-layout.php(12): getBlock('css')
2023-09-02 11:40:51: Trace => #1 C:\xampp\htdocs\framework_clean\src\Views\Default\index.php(292): include_once('C:\\xampp\\htdocs...')
2023-09-02 11:40:51: Trace => #2 C:\xampp\htdocs\framework_clean\lib\Core\View.php(36): require('C:\\xampp\\htdocs...')
2023-09-02 11:40:51: Trace => #3 C:\xampp\htdocs\framework_clean\lib\Core\View.php(19): Core\View->getContent('Default/index.p...', Array)
2023-09-02 11:40:51: Trace => #4 C:\xampp\htdocs\framework_clean\lib\Core\Abstracts\Controller.php(44): Core\View->render('Default/index.p...', Array)
2023-09-02 11:40:51: Trace => #5 C:\xampp\htdocs\framework_clean\src\Controllers\IndexBundle\IndexController.php(11): Core\Abstracts\Controller->render('Default/index.p...', Array)
2023-09-02 11:40:51: Trace => #6 C:\xampp\htdocs\framework_clean\lib\App\AppRouter.php(75): Controllers\IndexBundle\IndexController->indexAction()
2023-09-02 11:40:51: Trace => #7 C:\xampp\htdocs\framework_clean\web\app.php(27): App\AppRouter::setup()
2023-09-02 11:40:51: Trace => #8 C:\xampp\htdocs\framework_clean\web\app.php(32): Framework::boot()
2023-09-02 11:40:51: Trace => #9 {main}
2023-09-02 11:40:52: Message => Block css is not closed
2023-09-02 11:40:52: Route => "/"
2023-09-02 11:40:52: Trace => #0 C:\xampp\htdocs\framework_clean\src\Views\Globals\box-layout.php(12): getBlock('css')
2023-09-02 11:40:52: Trace => #1 C:\xampp\htdocs\framework_clean\src\Views\Default\index.php(292): include_once('C:\\xampp\\htdocs...')
2023-09-02 11:40:52: Trace => #2 C:\xampp\htdocs\framework_clean\lib\Core\View.php(36): require('C:\\xampp\\htdocs...')
2023-09-02 11:40:52: Trace => #3 C:\xampp\htdocs\framework_clean\lib\Core\View.php(19): Core\View->getContent('Default/index.p...', Array)
2023-09-02 11:40:52: Trace => #4 C:\xampp\htdocs\framework_clean\lib\Core\Abstracts\Controller.php(44): Core\View->render('Default/index.p...', Array)
2023-09-02 11:40:52: Trace => #5 C:\xampp\htdocs\framework_clean\src\Controllers\IndexBundle\IndexController.php(11): Core\Abstracts\Controller->render('Default/index.p...', Array)
2023-09-02 11:40:52: Trace => #6 C:\xampp\htdocs\framework_clean\lib\App\AppRouter.php(75): Controllers\IndexBundle\IndexController->indexAction()
2023-09-02 11:40:52: Trace => #7 C:\xampp\htdocs\framework_clean\web\app.php(27): App\AppRouter::setup()
2023-09-02 11:40:52: Trace => #8 C:\xampp\htdocs\framework_clean\web\app.php(32): Framework::boot()
2023-09-02 11:40:52: Trace => #9 {main}
2023-09-02 11:41:06: Message => Block "css" is not closed
2023-09-02 11:41:06: Route => "/"
2023-09-02 11:41:06: Trace => #0 C:\xampp\htdocs\framework_clean\src\Views\Globals\box-layout.php(12): getBlock('css')
2023-09-02 11:41:06: Trace => #1 C:\xampp\htdocs\framework_clean\src\Views\Default\index.php(292): include_once('C:\\xampp\\htdocs...')
2023-09-02 11:41:06: Trace => #2 C:\xampp\htdocs\framework_clean\lib\Core\View.php(36): require('C:\\xampp\\htdocs...')
2023-09-02 11:41:06: Trace => #3 C:\xampp\htdocs\framework_clean\lib\Core\View.php(19): Core\View->getContent('Default/index.p...', Array)
2023-09-02 11:41:06: Trace => #4 C:\xampp\htdocs\framework_clean\lib\Core\Abstracts\Controller.php(44): Core\View->render('Default/index.p...', Array)
2023-09-02 11:41:06: Trace => #5 C:\xampp\htdocs\framework_clean\src\Controllers\IndexBundle\IndexController.php(11): Core\Abstracts\Controller->render('Default/index.p...', Array)
2023-09-02 11:41:06: Trace => #6 C:\xampp\htdocs\framework_clean\lib\App\AppRouter.php(75): Controllers\IndexBundle\IndexController->indexAction()
2023-09-02 11:41:06: Trace => #7 C:\xampp\htdocs\framework_clean\web\app.php(27): App\AppRouter::setup()
2023-09-02 11:41:06: Trace => #8 C:\xampp\htdocs\framework_clean\web\app.php(32): Framework::boot()
2023-09-02 11:41:06: Trace => #9 {main}
2023-09-02 11:44:24: Message => Block "css" is not closed
2023-09-02 11:44:24: Route => "/"
2023-09-02 11:44:24: Trace => #0 C:\xampp\htdocs\framework_clean\src\Views\Globals\box-layout.php(12): getBlock('css')
2023-09-02 11:44:24: Trace => #1 C:\xampp\htdocs\framework_clean\src\Views\Default\index.php(292): include_once('C:\\xampp\\htdocs...')
2023-09-02 11:44:24: Trace => #2 C:\xampp\htdocs\framework_clean\lib\Core\View.php(36): require('C:\\xampp\\htdocs...')
2023-09-02 11:44:24: Trace => #3 C:\xampp\htdocs\framework_clean\lib\Core\View.php(19): Core\View->getContent('Default/index.p...', Array)
2023-09-02 11:44:24: Trace => #4 C:\xampp\htdocs\framework_clean\lib\Core\Abstracts\Controller.php(44): Core\View->render('Default/index.p...', Array)
2023-09-02 11:44:24: Trace => #5 C:\xampp\htdocs\framework_clean\src\Controllers\IndexBundle\IndexController.php(11): Core\Abstracts\Controller->render('Default/index.p...', Array)
2023-09-02 11:44:24: Trace => #6 C:\xampp\htdocs\framework_clean\lib\App\AppRouter.php(75): Controllers\IndexBundle\IndexController->indexAction()
2023-09-02 11:44:24: Trace => #7 C:\xampp\htdocs\framework_clean\web\app.php(27): App\AppRouter::setup()
2023-09-02 11:44:24: Trace => #8 C:\xampp\htdocs\framework_clean\web\app.php(32): Framework::boot()
2023-09-02 11:44:24: Trace => #9 {main}
2023-09-02 11:44:25: Message => Block "css" is not closed
2023-09-02 11:44:25: Route => "/"
2023-09-02 11:44:25: Trace => #0 C:\xampp\htdocs\framework_clean\src\Views\Globals\box-layout.php(12): getBlock('css')
2023-09-02 11:44:25: Trace => #1 C:\xampp\htdocs\framework_clean\src\Views\Default\index.php(292): include_once('C:\\xampp\\htdocs...')
2023-09-02 11:44:25: Trace => #2 C:\xampp\htdocs\framework_clean\lib\Core\View.php(36): require('C:\\xampp\\htdocs...')
2023-09-02 11:44:25: Trace => #3 C:\xampp\htdocs\framework_clean\lib\Core\View.php(19): Core\View->getContent('Default/index.p...', Array)
2023-09-02 11:44:25: Trace => #4 C:\xampp\htdocs\framework_clean\lib\Core\Abstracts\Controller.php(44): Core\View->render('Default/index.p...', Array)
2023-09-02 11:44:25: Trace => #5 C:\xampp\htdocs\framework_clean\src\Controllers\IndexBundle\IndexController.php(11): Core\Abstracts\Controller->render('Default/index.p...', Array)
2023-09-02 11:44:25: Trace => #6 C:\xampp\htdocs\framework_clean\lib\App\AppRouter.php(75): Controllers\IndexBundle\IndexController->indexAction()
2023-09-02 11:44:25: Trace => #7 C:\xampp\htdocs\framework_clean\web\app.php(27): App\AppRouter::setup()
2023-09-02 11:44:25: Trace => #8 C:\xampp\htdocs\framework_clean\web\app.php(32): Framework::boot()
2023-09-02 11:44:25: Trace => #9 {main}
2023-09-02 11:45:45: Message => Block "js" is not closed
2023-09-02 11:45:45: Route => "/"
2023-09-02 11:45:45: Trace => #0 C:\xampp\htdocs\framework_clean\src\Views\Globals\box-layout.php(17): getBlock('js')
2023-09-02 11:45:45: Trace => #1 C:\xampp\htdocs\framework_clean\src\Views\Default\index.php(144): include_once('C:\\xampp\\htdocs...')
2023-09-02 11:45:45: Trace => #2 C:\xampp\htdocs\framework_clean\lib\Core\View.php(36): require('C:\\xampp\\htdocs...')
2023-09-02 11:45:45: Trace => #3 C:\xampp\htdocs\framework_clean\lib\Core\View.php(19): Core\View->getContent('Default/index.p...', Array)
2023-09-02 11:45:45: Trace => #4 C:\xampp\htdocs\framework_clean\lib\Core\Abstracts\Controller.php(44): Core\View->render('Default/index.p...', Array)
2023-09-02 11:45:45: Trace => #5 C:\xampp\htdocs\framework_clean\src\Controllers\IndexBundle\IndexController.php(11): Core\Abstracts\Controller->render('Default/index.p...', Array)
2023-09-02 11:45:45: Trace => #6 C:\xampp\htdocs\framework_clean\lib\App\AppRouter.php(75): Controllers\IndexBundle\IndexController->indexAction()
2023-09-02 11:45:45: Trace => #7 C:\xampp\htdocs\framework_clean\web\app.php(27): App\AppRouter::setup()
2023-09-02 11:45:45: Trace => #8 C:\xampp\htdocs\framework_clean\web\app.php(32): Framework::boot()
2023-09-02 11:45:45: Trace => #9 {main}
2023-09-02 12:03:37: Message => Route not found
2023-09-02 12:03:37: Route => "/portfolio/"
2023-09-02 12:03:37: Trace => #0 C:\xampp\htdocs\framework_clean\web\app.php(27): App\AppRouter::setup()
2023-09-02 12:03:37: Trace => #1 C:\xampp\htdocs\framework_clean\web\app.php(32): Framework::boot()
2023-09-02 12:03:37: Trace => #2 {main}
2023-09-02 12:05:45: Message => Route not found
2023-09-02 12:05:45: Route => "/portfolio/"
2023-09-02 12:05:45: Trace => #0 C:\xampp\htdocs\framework_clean\web\app.php(27): App\AppRouter::setup()
2023-09-02 12:05:45: Trace => #1 C:\xampp\htdocs\framework_clean\web\app.php(32): Framework::boot()
2023-09-02 12:05:45: Trace => #2 {main}
2023-09-02 12:59:20: Message => Route not found
2023-09-02 12:59:20: Route => "/portfolio/assets/css/main.css"
2023-09-02 12:59:20: Trace => #0 C:\xampp\htdocs\framework_clean\web\app.php(27): App\AppRouter::setup()
2023-09-02 12:59:20: Trace => #1 C:\xampp\htdocs\framework_clean\web\app.php(32): Framework::boot()
2023-09-02 12:59:20: Trace => #2 {main}
2023-09-02 12:59:23: Message => Route not found
2023-09-02 12:59:23: Route => "/portfolio/"
2023-09-02 12:59:23: Trace => #0 C:\xampp\htdocs\framework_clean\web\app.php(27): App\AppRouter::setup()
2023-09-02 12:59:23: Trace => #1 C:\xampp\htdocs\framework_clean\web\app.php(32): Framework::boot()
2023-09-02 12:59:23: Trace => #2 {main}
2023-09-02 14:09:38: Message => Route not found
2023-09-02 14:09:38: Route => "/portfolio/"
2023-09-02 14:09:38: Trace => #0 C:\xampp\htdocs\framework_clean\web\app.php(27): App\AppRouter::setup()
2023-09-02 14:09:38: Trace => #1 C:\xampp\htdocs\framework_clean\web\app.php(32): Framework::boot()
2023-09-02 14:09:38: Trace => #2 {main}
2023-09-02 15:16:19: Message => Route not found
2023-09-02 15:16:19: Route => "/test/"
2023-09-02 15:16:19: Trace => #0 C:\xampp\htdocs\framework_clean\web\app.php(27): App\AppRouter::setup()
2023-09-02 15:16:19: Trace => #1 C:\xampp\htdocs\framework_clean\web\app.php(32): Framework::boot()
2023-09-02 15:16:19: Trace => #2 {main}
2023-09-02 15:16:24: Message => Route not found
2023-09-02 15:16:24: Route => "/test/"
2023-09-02 15:16:24: Trace => #0 C:\xampp\htdocs\framework_clean\web\app.php(27): App\AppRouter::setup()
2023-09-02 15:16:24: Trace => #1 C:\xampp\htdocs\framework_clean\web\app.php(32): Framework::boot()
2023-09-02 15:16:24: Trace => #2 {main}
2023-09-02 15:16:24: Message => Route not found
2023-09-02 15:16:24: Route => "/test/"
2023-09-02 15:16:24: Trace => #0 C:\xampp\htdocs\framework_clean\web\app.php(27): App\AppRouter::setup()
2023-09-02 15:16:24: Trace => #1 C:\xampp\htdocs\framework_clean\web\app.php(32): Framework::boot()
2023-09-02 15:16:24: Trace => #2 {main}
2023-09-02 15:16:25: Message => Route not found
2023-09-02 15:16:25: Route => "/test/"
2023-09-02 15:16:25: Trace => #0 C:\xampp\htdocs\framework_clean\web\app.php(27): App\AppRouter::setup()
2023-09-02 15:16:25: Trace => #1 C:\xampp\htdocs\framework_clean\web\app.php(32): Framework::boot()
2023-09-02 15:16:25: Trace => #2 {main}
2023-09-02 15:16:25: Message => Route not found
2023-09-02 15:16:25: Route => "/test/"
2023-09-02 15:16:25: Trace => #0 C:\xampp\htdocs\framework_clean\web\app.php(27): App\AppRouter::setup()
2023-09-02 15:16:25: Trace => #1 C:\xampp\htdocs\framework_clean\web\app.php(32): Framework::boot()
2023-09-02 15:16:25: Trace => #2 {main}
2023-09-02 15:17:07: Message => Route not found
2023-09-02 15:17:07: Route => "/test/"
2023-09-02 15:17:07: Trace => #0 C:\xampp\htdocs\framework_clean\web\app.php(27): App\AppRouter::setup()
2023-09-02 15:17:07: Trace => #1 C:\xampp\htdocs\framework_clean\web\app.php(32): Framework::boot()
2023-09-02 15:17:07: Trace => #2 {main}
2023-09-02 15:17:08: Message => Route not found
2023-09-02 15:17:08: Route => "/test/"
2023-09-02 15:17:08: Trace => #0 C:\xampp\htdocs\framework_clean\web\app.php(27): App\AppRouter::setup()
2023-09-02 15:17:08: Trace => #1 C:\xampp\htdocs\framework_clean\web\app.php(32): Framework::boot()
2023-09-02 15:17:08: Trace => #2 {main}
2023-09-02 15:17:08: Message => Route not found
2023-09-02 15:17:08: Route => "/test/"
2023-09-02 15:17:08: Trace => #0 C:\xampp\htdocs\framework_clean\web\app.php(27): App\AppRouter::setup()
2023-09-02 15:17:08: Trace => #1 C:\xampp\htdocs\framework_clean\web\app.php(32): Framework::boot()
2023-09-02 15:17:08: Trace => #2 {main}
2023-09-02 15:17:08: Message => Route not found
2023-09-02 15:17:08: Route => "/test/"
2023-09-02 15:17:08: Trace => #0 C:\xampp\htdocs\framework_clean\web\app.php(27): App\AppRouter::setup()
2023-09-02 15:17:08: Trace => #1 C:\xampp\htdocs\framework_clean\web\app.php(32): Framework::boot()
2023-09-02 15:17:08: Trace => #2 {main}
2023-09-02 15:17:08: Message => Route not found
2023-09-02 15:17:08: Route => "/test/"
2023-09-02 15:17:08: Trace => #0 C:\xampp\htdocs\framework_clean\web\app.php(27): App\AppRouter::setup()
2023-09-02 15:17:08: Trace => #1 C:\xampp\htdocs\framework_clean\web\app.php(32): Framework::boot()
2023-09-02 15:17:08: Trace => #2 {main}
2023-09-02 15:17:36: Message => Route not found
2023-09-02 15:17:36: Route => "/test/"
2023-09-02 15:17:36: Trace => #0 C:\xampp\htdocs\framework_clean\web\app.php(27): App\AppRouter::setup()
2023-09-02 15:17:36: Trace => #1 C:\xampp\htdocs\framework_clean\web\app.php(32): Framework::boot()
2023-09-02 15:17:36: Trace => #2 {main}
2023-09-02 15:27:35: Message => Route not found
2023-09-02 15:27:35: Route => "/test/'.%20$testlink%20.'"
2023-09-02 15:27:35: Trace => #0 C:\xampp\htdocs\framework_clean\web\app.php(27): App\AppRouter::setup()
2023-09-02 15:27:35: Trace => #1 C:\xampp\htdocs\framework_clean\web\app.php(32): Framework::boot()
2023-09-02 15:27:35: Trace => #2 {main}
2023-09-02 15:33:12: Message => Route not found
2023-09-02 15:33:12: Route => "/test"
2023-09-02 15:33:12: Trace => #0 C:\xampp\htdocs\framework_clean\web\app.php(27): App\AppRouter::setup()
2023-09-02 15:33:12: Trace => #1 C:\xampp\htdocs\framework_clean\web\app.php(32): Framework::boot()
2023-09-02 15:33:12: Trace => #2 {main}
2023-09-02 16:34:53: Message => 
2023-09-02 16:34:53: Route => "/test/test"
2023-09-02 16:34:53: Trace => #0 C:\xampp\htdocs\framework_clean\lib\Core\Services.php(33): bundle_config_parser('config/services...')
2023-09-02 16:34:53: Trace => #1 C:\xampp\htdocs\framework_clean\lib\Core\Services.php(16): Core\Services::getAppServices()
2023-09-02 16:34:53: Trace => #2 C:\xampp\htdocs\framework_clean\web\app.php(28): Core\Services::setup()
2023-09-02 16:34:53: Trace => #3 C:\xampp\htdocs\framework_clean\web\app.php(32): Framework::boot()
2023-09-02 16:34:53: Trace => #4 {main}
2023-09-02 16:35:10: Message => 
2023-09-02 16:35:10: Route => "/test/test"
2023-09-02 16:35:10: Trace => #0 C:\xampp\htdocs\framework_clean\lib\Core\Services.php(33): bundle_config_parser('config/services...')
2023-09-02 16:35:10: Trace => #1 C:\xampp\htdocs\framework_clean\lib\Core\Services.php(16): Core\Services::getAppServices()
2023-09-02 16:35:10: Trace => #2 C:\xampp\htdocs\framework_clean\web\app.php(28): Core\Services::setup()
2023-09-02 16:35:10: Trace => #3 C:\xampp\htdocs\framework_clean\web\app.php(32): Framework::boot()
2023-09-02 16:35:10: Trace => #4 {main}
2023-09-02 16:35:22: Message => 
2023-09-02 16:35:22: Route => "/test/test"
2023-09-02 16:35:22: Trace => #0 C:\xampp\htdocs\framework_clean\lib\Core\Services.php(33): bundle_config_parser('config/services...')
2023-09-02 16:35:22: Trace => #1 C:\xampp\htdocs\framework_clean\lib\Core\Services.php(16): Core\Services::getAppServices()
2023-09-02 16:35:22: Trace => #2 C:\xampp\htdocs\framework_clean\web\app.php(28): Core\Services::setup()
2023-09-02 16:35:22: Trace => #3 C:\xampp\htdocs\framework_clean\web\app.php(32): Framework::boot()
2023-09-02 16:35:22: Trace => #4 {main}
2023-09-02 21:24:23: Message => Route not found
2023-09-02 21:24:23: Route => "/portfolio/"
2023-09-02 21:24:23: Trace => #0 C:\xampp\htdocs\framework_clean\web\app.php(27): App\AppRouter::setup()
2023-09-02 21:24:23: Trace => #1 C:\xampp\htdocs\framework_clean\web\app.php(32): Framework::boot()
2023-09-02 21:24:23: Trace => #2 {main}
