2023-09-02 10:53:39: Route => "/"
2023-09-02 10:53:41: Route => "/"
2023-09-02 10:53:41: Route => "/"
2023-09-02 10:53:42: Route => "/"
2023-09-02 10:53:42: Route => "/"
2023-09-02 10:53:42: Route => "/"
2023-09-02 10:53:42: Route => "/"
2023-09-02 10:53:49: Route => "/"
2023-09-02 10:53:50: Route => "/"
2023-09-02 10:53:50: Route => "/"
2023-09-02 10:53:51: Route => "/"
2023-09-02 10:53:51: Route => "/"
2023-09-02 10:53:51: Route => "/"
2023-09-02 10:53:51: Route => "/"
2023-09-02 10:53:51: Route => "/"
2023-09-02 10:53:51: Route => "/"
2023-09-02 10:53:52: Route => "/"
2023-09-02 10:53:52: Route => "/"
2023-09-02 10:53:53: Route => "/"
2023-09-02 10:53:53: Route => "/"
2023-09-02 10:53:53: Route => "/"
2023-09-02 10:53:53: Route => "/"
2023-09-02 10:53:54: Route => "/"
2023-09-02 10:53:54: Route => "/"
2023-09-02 10:53:54: Route => "/"
2023-09-02 10:53:55: Route => "/"
2023-09-02 10:53:55: Route => "/"
2023-09-02 10:53:55: Route => "/"
2023-09-02 10:53:56: Route => "/"
2023-09-02 10:54:12: Route => "/"
2023-09-02 10:54:13: Route => "/"
2023-09-02 10:54:13: Route => "/"
2023-09-02 10:55:32: Route => "/"
2023-09-02 10:55:32: Route => "/"
2023-09-02 10:55:32: Route => "/"
2023-09-02 10:55:32: Route => "/"
2023-09-02 10:55:33: Route => "/"
2023-09-02 10:55:33: Route => "/"
2023-09-02 10:55:33: Route => "/"
2023-09-02 10:55:33: Route => "/"
2023-09-02 10:55:33: Route => "/"
2023-09-02 10:55:33: Route => "/"
2023-09-02 10:55:34: Route => "/"
2023-09-02 10:55:37: Route => "/"
2023-09-02 10:56:28: Route => "/"
2023-09-02 10:56:28: Route => "/"
2023-09-02 10:56:29: Route => "/"
2023-09-02 10:56:29: Route => "/"
2023-09-02 10:56:29: Route => "/"
2023-09-02 10:56:42: Route => "/"
2023-09-02 10:56:43: Route => "/"
2023-09-02 10:57:46: Route => "/"
2023-09-02 10:57:46: Route => "/"
2023-09-02 10:57:46: Route => "/"
2023-09-02 10:57:46: Route => "/"
2023-09-02 10:57:48: Route => "/"
2023-09-02 10:58:02: Route => "/"
2023-09-02 10:58:02: Route => "/"
2023-09-02 10:58:02: Route => "/"
2023-09-02 10:58:02: Route => "/"
2023-09-02 11:01:05: Route => "/"
2023-09-02 11:01:18: Route => "/"
2023-09-02 11:03:34: Route => "/"
2023-09-02 11:03:35: Route => "/"
2023-09-02 11:03:35: Route => "/"
2023-09-02 11:03:35: Route => "/"
2023-09-02 11:03:35: Route => "/"
2023-09-02 11:03:35: Route => "/"
2023-09-02 11:03:53: Route => "/"
2023-09-02 11:03:53: Route => "/"
2023-09-02 11:03:53: Route => "/"
2023-09-02 11:04:46: Route => "/"
2023-09-02 11:04:47: Route => "/"
2023-09-02 11:04:47: Route => "/"
2023-09-02 11:04:57: Route => "/"
2023-09-02 11:04:57: Route => "/"
2023-09-02 11:07:02: Route => "/"
2023-09-02 11:07:02: Route => "/"
2023-09-02 11:08:43: Route => "/"
2023-09-02 11:09:04: Route => "/"
2023-09-02 11:15:49: Route => "/"
2023-09-02 11:16:27: Route => "/"
2023-09-02 11:16:30: Route => "/"
2023-09-02 11:16:30: Route => "/"
2023-09-02 11:16:30: Route => "/"
2023-09-02 11:16:31: Route => "/"
2023-09-02 11:16:49: Route => "/"
2023-09-02 11:17:22: Route => "/"
2023-09-02 11:17:47: Route => "/"
2023-09-02 11:18:00: Route => "/"
2023-09-02 11:18:03: Route => "/"
2023-09-02 11:18:03: Route => "/"
2023-09-02 11:18:03: Route => "/"
2023-09-02 11:18:42: Route => "/"
2023-09-02 11:18:48: Route => "/"
2023-09-02 11:18:55: Route => "/"
2023-09-02 11:20:03: Route => "/"
2023-09-02 11:20:06: Route => "/"
2023-09-02 11:20:06: Route => "/"
2023-09-02 11:20:06: Route => "/"
2023-09-02 11:20:06: Route => "/"
2023-09-02 11:20:13: Route => "/"
2023-09-02 11:20:17: Route => "/"
2023-09-02 11:20:17: Route => "/"
2023-09-02 11:20:17: Route => "/"
2023-09-02 11:20:17: Route => "/"
2023-09-02 11:20:17: Route => "/"
2023-09-02 11:20:18: Route => "/"
2023-09-02 11:20:18: Route => "/"
2023-09-02 11:20:32: Route => "/"
2023-09-02 11:20:33: Route => "/"
2023-09-02 11:20:33: Route => "/"
2023-09-02 11:20:54: Route => "/"
2023-09-02 11:20:56: Route => "/"
2023-09-02 11:21:05: Route => "/"
2023-09-02 11:23:10: Route => "/"
2023-09-02 11:23:21: Route => "/"
2023-09-02 11:23:21: Route => "/"
2023-09-02 11:23:55: Route => "/"
2023-09-02 11:23:55: Route => "/"
2023-09-02 11:24:33: Route => "/"
2023-09-02 11:24:50: Route => "/"
2023-09-02 11:25:27: Route => "/"
2023-09-02 11:25:37: Route => "/"
2023-09-02 11:30:20: Route => "/"
2023-09-02 11:32:30: Route => "/"
2023-09-02 11:32:31: Route => "/"
2023-09-02 11:32:31: Route => "/"
2023-09-02 11:33:15: Route => "/"
2023-09-02 11:33:23: Route => "/"
2023-09-02 11:33:23: Route => "/"
2023-09-02 11:33:23: Route => "/"
2023-09-02 11:33:23: Route => "/"
2023-09-02 11:33:24: Route => "/"
2023-09-02 11:34:24: Route => "/"
2023-09-02 11:34:30: Route => "/"
2023-09-02 11:35:03: Route => "/"
2023-09-02 11:35:05: Route => "/"
2023-09-02 11:35:06: Route => "/"
2023-09-02 11:35:06: Route => "/"
2023-09-02 11:35:06: Route => "/"
2023-09-02 11:35:13: Route => "/"
2023-09-02 11:35:16: Route => "/"
2023-09-02 11:35:26: Route => "/"
2023-09-02 11:35:50: Route => "/"
2023-09-02 11:36:05: Route => "/"
2023-09-02 11:36:05: Route => "/"
2023-09-02 11:36:06: Route => "/"
2023-09-02 11:36:09: Route => "/"
2023-09-02 11:36:09: Route => "/"
2023-09-02 11:36:09: Route => "/"
2023-09-02 11:36:31: Route => "/"
2023-09-02 11:36:32: Route => "/"
2023-09-02 11:36:36: Route => "/"
2023-09-02 11:38:03: Route => "/"
2023-09-02 11:38:12: Route => "/"
2023-09-02 11:38:12: Route => "/"
2023-09-02 11:38:13: Route => "/"
2023-09-02 11:38:30: Route => "/"
2023-09-02 11:40:50: Route => "/"
2023-09-02 11:40:51: Route => "/"
2023-09-02 11:40:51: Route => "/"
2023-09-02 11:40:52: Route => "/"
2023-09-02 11:41:06: Route => "/"
2023-09-02 11:44:24: Route => "/"
2023-09-02 11:44:25: Route => "/"
2023-09-02 11:44:42: Route => "/"
2023-09-02 11:45:45: Route => "/"
2023-09-02 11:46:17: Route => "/"
2023-09-02 11:46:43: Route => "/"
2023-09-02 11:46:50: Route => "/"
2023-09-02 11:46:50: Route => "/"
2023-09-02 11:46:50: Route => "/"
2023-09-02 11:46:58: Route => "/"
2023-09-02 11:47:00: Route => "/"
2023-09-02 11:47:03: Route => "/"
2023-09-02 11:47:45: Route => "/"
2023-09-02 11:47:54: Route => "/"
2023-09-02 11:49:02: Route => "/"
2023-09-02 11:49:02: Route => "/"
2023-09-02 11:49:02: Route => "/"
2023-09-02 11:58:53: Route => "/"
2023-09-02 11:58:53: Route => "/"
2023-09-02 11:58:53: Route => "/"
2023-09-02 11:58:53: Route => "/"
2023-09-02 11:59:04: Route => "/"
2023-09-02 12:03:35: Route => "/"
2023-09-02 12:03:39: Route => "/"
2023-09-02 12:03:39: Route => "/"
2023-09-02 12:03:39: Route => "/"
2023-09-02 12:03:44: Route => "/"
2023-09-02 12:03:44: Route => "/"
2023-09-02 12:04:16: Route => "/"
2023-09-02 12:04:16: Route => "/"
2023-09-02 12:04:16: Route => "/"
2023-09-02 12:04:16: Route => "/"
2023-09-02 12:04:31: Route => "/"
2023-09-02 12:04:31: Route => "/"
2023-09-02 12:04:59: Route => "/"
2023-09-02 12:05:17: Route => "/"
2023-09-02 12:05:18: Route => "/"
2023-09-02 12:05:42: Route => "/"
2023-09-02 12:05:42: Route => "/"
2023-09-02 12:05:54: Route => "/"
2023-09-02 12:05:55: Route => "/"
2023-09-02 12:05:55: Route => "/"
2023-09-02 12:06:06: Route => "/"
2023-09-02 12:06:07: Route => "/"
2023-09-02 12:06:13: Route => "/"
2023-09-02 12:06:14: Route => "/"
2023-09-02 12:06:14: Route => "/"
2023-09-02 12:06:14: Route => "/"
2023-09-02 12:06:17: Route => "/"
2023-09-02 12:06:17: Route => "/"
2023-09-02 12:06:18: Route => "/"
2023-09-02 12:06:18: Route => "/"
2023-09-02 12:06:18: Route => "/"
2023-09-02 12:06:19: Route => "/"
2023-09-02 12:06:20: Route => "/"
2023-09-02 12:06:20: Route => "/"
2023-09-02 12:06:20: Route => "/"
2023-09-02 12:06:20: Route => "/"
2023-09-02 12:06:21: Route => "/"
2023-09-02 12:06:21: Route => "/"
2023-09-02 12:06:21: Route => "/"
2023-09-02 12:06:22: Route => "/"
2023-09-02 12:06:22: Route => "/"
2023-09-02 12:06:22: Route => "/"
2023-09-02 12:06:23: Route => "/"
2023-09-02 12:06:37: Route => "/"
2023-09-02 12:06:37: Route => "/"
2023-09-02 12:06:38: Route => "/"
2023-09-02 12:06:38: Route => "/"
2023-09-02 12:06:38: Route => "/"
2023-09-02 12:06:38: Route => "/"
2023-09-02 12:06:42: Route => "/"
2023-09-02 12:06:42: Route => "/"
2023-09-02 12:06:43: Route => "/"
2023-09-02 12:06:43: Route => "/"
2023-09-02 12:06:43: Route => "/"
2023-09-02 12:06:43: Route => "/"
2023-09-02 12:06:43: Route => "/"
2023-09-02 12:07:47: Route => "/"
2023-09-02 12:08:15: Route => "/"
2023-09-02 12:08:20: Route => "/"
2023-09-02 12:08:20: Route => "/"
2023-09-02 12:08:30: Route => "/"
2023-09-02 12:08:38: Route => "/"
2023-09-02 12:08:51: Route => "/"
2023-09-02 12:09:02: Route => "/"
2023-09-02 12:09:18: Route => "/"
2023-09-02 12:09:18: Route => "/"
2023-09-02 12:09:18: Route => "/"
2023-09-02 12:09:18: Route => "/"
2023-09-02 12:09:19: Route => "/"
2023-09-02 12:09:19: Route => "/"
2023-09-02 12:09:19: Route => "/"
2023-09-02 12:09:19: Route => "/"
2023-09-02 12:09:19: Route => "/"
2023-09-02 12:59:35: Route => "/"
2023-09-02 12:59:47: Route => "/"
2023-09-02 14:09:25: Route => "/"
2023-09-02 14:10:11: Route => "/"
2023-09-02 14:10:12: Route => "/"
2023-09-02 14:10:14: Route => "/"
2023-09-02 14:10:24: Route => "/"
2023-09-02 14:14:50: Route => "/"
2023-09-02 14:14:53: Route => "/"
2023-09-02 14:15:53: Route => "/"
2023-09-02 14:15:53: Route => "/"
2023-09-02 14:15:53: Route => "/"
2023-09-02 14:15:53: Route => "/"
2023-09-02 14:16:18: Route => "/"
2023-09-02 14:16:30: Route => "/"
2023-09-02 14:16:32: Route => "/"
2023-09-02 14:16:36: Route => "/"
2023-09-02 14:17:30: Route => "/"
2023-09-02 14:17:59: Route => "/"
2023-09-02 14:18:00: Route => "/"
2023-09-02 14:18:00: Route => "/"
2023-09-02 14:18:01: Route => "/"
2023-09-02 14:18:01: Route => "/"
2023-09-02 14:18:01: Route => "/"
2023-09-02 14:18:05: Route => "/"
2023-09-02 14:18:13: Route => "/"
2023-09-02 14:18:16: Route => "/"
2023-09-02 14:18:16: Route => "/"
2023-09-02 14:18:16: Route => "/"
2023-09-02 14:18:16: Route => "/"
2023-09-02 14:18:22: Route => "/"
2023-09-02 14:18:24: Route => "/"
2023-09-02 14:18:30: Route => "/"
2023-09-02 14:18:33: Route => "/"
2023-09-02 14:18:34: Route => "/"
2023-09-02 14:18:40: Route => "/"
2023-09-02 14:18:41: Route => "/"
2023-09-02 14:18:41: Route => "/"
2023-09-02 14:18:41: Route => "/"
2023-09-02 14:18:41: Route => "/"
2023-09-02 14:18:42: Route => "/"
2023-09-02 14:18:42: Route => "/"
2023-09-02 14:18:48: Route => "/"
2023-09-02 14:18:49: Route => "/"
2023-09-02 14:18:49: Route => "/"
2023-09-02 14:19:27: Route => "/"
2023-09-02 14:19:27: Route => "/"
2023-09-02 14:19:27: Route => "/"
2023-09-02 14:19:35: Route => "/login"
2023-09-02 14:19:41: Route => "/login"
2023-09-02 14:19:46: Route => "/"
2023-09-02 14:19:47: Route => "/"
2023-09-02 14:29:41: Route => "/"
2023-09-02 14:29:41: Route => "/"
2023-09-02 14:30:00: Route => "/"
2023-09-02 14:31:28: Route => "/"
2023-09-02 14:32:27: Route => "/"
2023-09-02 14:32:30: Route => "/"
2023-09-02 14:32:30: Route => "/"
2023-09-02 14:32:31: Route => "/"
2023-09-02 14:32:31: Route => "/"
2023-09-02 14:32:31: Route => "/"
2023-09-02 14:32:31: Route => "/"
2023-09-02 14:32:31: Route => "/"
2023-09-02 14:32:38: Route => "/"
2023-09-02 14:32:38: Route => "/"
2023-09-02 14:32:46: Route => "/"
2023-09-02 14:32:50: Route => "/"
2023-09-02 14:32:56: Route => "/"
2023-09-02 14:32:56: Route => "/"
2023-09-02 14:32:56: Route => "/"
2023-09-02 14:35:03: Route => "/"
2023-09-02 14:37:44: Route => "/"
2023-09-02 14:39:25: Route => "/"
2023-09-02 14:39:26: Route => "/"
2023-09-02 14:39:26: Route => "/"
2023-09-02 14:39:26: Route => "/"
2023-09-02 14:39:26: Route => "/"
2023-09-02 14:39:38: Route => "/"
2023-09-02 14:39:39: Route => "/"
2023-09-02 14:39:39: Route => "/"
2023-09-02 14:39:49: Route => "/"
2023-09-02 14:42:52: Route => "/"
2023-09-02 14:42:53: Route => "/"
2023-09-02 14:42:53: Route => "/"
2023-09-02 14:42:54: Route => "/"
2023-09-02 14:42:54: Route => "/"
2023-09-02 14:42:54: Route => "/"
2023-09-02 14:43:01: Route => "/"
2023-09-02 14:43:31: Route => "/"
2023-09-02 14:43:33: Route => "/"
2023-09-02 14:43:33: Route => "/"
2023-09-02 14:43:46: Route => "/"
2023-09-02 14:43:48: Route => "/"
2023-09-02 14:43:48: Route => "/"
2023-09-02 14:43:49: Route => "/"
2023-09-02 14:43:51: Route => "/"
2023-09-02 14:43:51: Route => "/"
2023-09-02 14:43:51: Route => "/"
2023-09-02 14:43:52: Route => "/"
2023-09-02 14:43:52: Route => "/"
2023-09-02 14:43:56: Route => "/"
2023-09-02 14:43:57: Route => "/"
2023-09-02 14:43:57: Route => "/"
2023-09-02 14:43:59: Route => "/"
2023-09-02 14:44:00: Route => "/"
2023-09-02 14:44:00: Route => "/"
2023-09-02 14:44:00: Route => "/"
2023-09-02 14:44:36: Route => "/"
2023-09-02 14:44:37: Route => "/"
2023-09-02 14:44:37: Route => "/"
2023-09-02 14:44:38: Route => "/"
2023-09-02 14:44:41: Route => "/"
2023-09-02 14:44:43: Route => "/"
2023-09-02 14:44:53: Route => "/"
2023-09-02 14:45:15: Route => "/"
2023-09-02 14:45:16: Route => "/"
2023-09-02 14:45:17: Route => "/"
2023-09-02 14:45:18: Route => "/"
2023-09-02 14:45:19: Route => "/"
2023-09-02 14:45:19: Route => "/"
2023-09-02 14:45:19: Route => "/"
2023-09-02 14:45:19: Route => "/"
2023-09-02 14:45:19: Route => "/"
2023-09-02 14:45:26: Route => "/"
2023-09-02 14:45:28: Route => "/"
2023-09-02 14:45:34: Route => "/"
2023-09-02 14:45:56: Route => "/"
2023-09-02 14:46:02: Route => "/"
2023-09-02 14:46:04: Route => "/"
2023-09-02 14:46:04: Route => "/"
2023-09-02 14:46:04: Route => "/"
2023-09-02 14:46:04: Route => "/"
2023-09-02 14:46:30: Route => "/"
2023-09-02 14:46:31: Route => "/"
2023-09-02 14:46:31: Route => "/"
2023-09-02 14:46:44: Route => "/"
2023-09-02 14:46:45: Route => "/"
2023-09-02 14:46:45: Route => "/"
2023-09-02 14:46:45: Route => "/"
2023-09-02 14:46:45: Route => "/"
2023-09-02 14:47:03: Route => "/"
2023-09-02 14:47:03: Route => "/"
2023-09-02 14:47:04: Route => "/"
2023-09-02 14:47:04: Route => "/"
2023-09-02 14:47:09: Route => "/"
2023-09-02 14:47:09: Route => "/"
2023-09-02 14:47:09: Route => "/"
2023-09-02 14:47:11: Route => "/"
2023-09-02 14:47:11: Route => "/"
2023-09-02 14:47:11: Route => "/"
2023-09-02 14:47:12: Route => "/"
2023-09-02 14:47:12: Route => "/"
2023-09-02 14:47:12: Route => "/"
2023-09-02 14:47:12: Route => "/"
2023-09-02 14:47:12: Route => "/"
2023-09-02 14:47:15: Route => "/"
2023-09-02 14:47:15: Route => "/"
2023-09-02 14:47:15: Route => "/"
2023-09-02 14:47:16: Route => "/"
2023-09-02 14:47:16: Route => "/"
2023-09-02 14:47:17: Route => "/"
2023-09-02 14:48:38: Route => "/"
2023-09-02 14:48:38: Route => "/"
2023-09-02 14:48:38: Route => "/"
2023-09-02 14:48:48: Route => "/"
2023-09-02 14:48:48: Route => "/"
2023-09-02 14:48:48: Route => "/"
2023-09-02 14:48:48: Route => "/"
2023-09-02 14:48:52: Route => "/"
2023-09-02 14:48:52: Route => "/"
2023-09-02 14:48:52: Route => "/"
2023-09-02 14:48:53: Route => "/"
2023-09-02 14:49:30: Route => "/"
2023-09-02 14:49:31: Route => "/"
2023-09-02 14:49:31: Route => "/"
2023-09-02 14:49:39: Route => "/"
2023-09-02 14:49:40: Route => "/"
2023-09-02 14:49:40: Route => "/"
2023-09-02 14:49:40: Route => "/"
2023-09-02 14:49:44: Route => "/"
2023-09-02 14:49:44: Route => "/"
2023-09-02 14:49:44: Route => "/"
2023-09-02 14:50:10: Route => "/"
2023-09-02 14:50:11: Route => "/"
2023-09-02 14:50:11: Route => "/"
2023-09-02 14:50:11: Route => "/"
2023-09-02 14:50:11: Route => "/"
2023-09-02 14:50:11: Route => "/"
2023-09-02 14:50:13: Route => "/"
2023-09-02 14:50:13: Route => "/"
2023-09-02 14:50:13: Route => "/"
2023-09-02 14:50:16: Route => "/"
2023-09-02 14:50:18: Route => "/"
2023-09-02 14:50:30: Route => "/"
2023-09-02 14:50:30: Route => "/"
2023-09-02 14:50:30: Route => "/"
2023-09-02 14:50:40: Route => "/"
2023-09-02 14:50:40: Route => "/"
2023-09-02 14:50:40: Route => "/"
2023-09-02 14:50:56: Route => "/"
2023-09-02 14:50:56: Route => "/"
2023-09-02 14:50:56: Route => "/"
2023-09-02 14:51:03: Route => "/"
2023-09-02 14:51:04: Route => "/"
2023-09-02 14:51:04: Route => "/"
2023-09-02 14:51:04: Route => "/"
2023-09-02 14:51:04: Route => "/"
2023-09-02 14:51:05: Route => "/"
2023-09-02 14:51:11: Route => "/"
2023-09-02 14:51:11: Route => "/"
2023-09-02 14:51:12: Route => "/"
2023-09-02 14:51:20: Route => "/"
2023-09-02 14:51:20: Route => "/"
2023-09-02 14:51:20: Route => "/"
2023-09-02 14:51:20: Route => "/"
2023-09-02 14:51:37: Route => "/"
2023-09-02 14:51:37: Route => "/"
2023-09-02 14:51:37: Route => "/"
2023-09-02 14:51:38: Route => "/"
2023-09-02 14:51:52: Route => "/"
2023-09-02 14:51:53: Route => "/"
2023-09-02 14:52:14: Route => "/"
2023-09-02 14:52:16: Route => "/"
2023-09-02 14:52:16: Route => "/"
2023-09-02 14:52:18: Route => "/"
2023-09-02 14:52:25: Route => "/"
2023-09-02 14:52:25: Route => "/"
2023-09-02 14:52:38: Route => "/"
2023-09-02 14:52:46: Route => "/"
2023-09-02 14:52:57: Route => "/"
2023-09-02 14:53:08: Route => "/"
2023-09-02 14:53:09: Route => "/"
2023-09-02 14:53:09: Route => "/"
2023-09-02 14:53:10: Route => "/"
2023-09-02 14:53:13: Route => "/"
2023-09-02 14:53:15: Route => "/"
2023-09-02 14:53:22: Route => "/"
2023-09-02 14:53:23: Route => "/"
2023-09-02 14:53:24: Route => "/"
2023-09-02 14:53:24: Route => "/"
2023-09-02 14:53:24: Route => "/"
2023-09-02 14:53:30: Route => "/"
2023-09-02 14:54:05: Route => "/"
2023-09-02 14:54:06: Route => "/"
2023-09-02 14:54:06: Route => "/"
2023-09-02 14:54:15: Route => "/"
2023-09-02 14:54:27: Route => "/"
2023-09-02 14:54:29: Route => "/"
2023-09-02 14:54:35: Route => "/"
2023-09-02 14:54:37: Route => "/"
2023-09-02 14:54:47: Route => "/"
2023-09-02 14:54:49: Route => "/"
2023-09-02 14:54:53: Route => "/"
2023-09-02 14:54:53: Route => "/"
2023-09-02 14:54:54: Route => "/"
2023-09-02 14:54:54: Route => "/"
2023-09-02 14:54:54: Route => "/"
2023-09-02 14:54:54: Route => "/"
2023-09-02 14:54:54: Route => "/"
2023-09-02 14:55:11: Route => "/"
2023-09-02 14:55:12: Route => "/"
2023-09-02 14:55:12: Route => "/"
2023-09-02 14:55:28: Route => "/"
2023-09-02 14:56:05: Route => "/"
2023-09-02 14:56:05: Route => "/"
2023-09-02 14:56:05: Route => "/"
2023-09-02 14:56:06: Route => "/"
2023-09-02 14:56:10: Route => "/"
2023-09-02 14:56:15: Route => "/"
2023-09-02 14:56:42: Route => "/"
2023-09-02 14:56:43: Route => "/"
2023-09-02 14:56:48: Route => "/"
2023-09-02 14:56:48: Route => "/"
2023-09-02 14:57:14: Route => "/"
2023-09-02 14:57:23: Route => "/"
2023-09-02 14:57:26: Route => "/"
2023-09-02 14:57:33: Route => "/"
2023-09-02 14:57:33: Route => "/"
2023-09-02 14:57:33: Route => "/"
2023-09-02 14:57:34: Route => "/"
2023-09-02 14:57:48: Route => "/"
2023-09-02 14:57:55: Route => "/"
2023-09-02 14:57:56: Route => "/"
2023-09-02 14:57:56: Route => "/"
2023-09-02 14:57:56: Route => "/"
2023-09-02 14:58:05: Route => "/"
2023-09-02 14:58:06: Route => "/"
2023-09-02 14:58:49: Route => "/"
2023-09-02 14:58:53: Route => "/"
2023-09-02 14:59:10: Route => "/"
2023-09-02 14:59:13: Route => "/"
2023-09-02 14:59:35: Route => "/"
2023-09-02 14:59:45: Route => "/"
2023-09-02 15:00:16: Route => "/"
2023-09-02 15:00:19: Route => "/"
2023-09-02 15:01:08: Route => "/"
2023-09-02 15:01:15: Route => "/"
2023-09-02 15:01:15: Route => "/"
2023-09-02 15:01:15: Route => "/"
2023-09-02 15:01:16: Route => "/"
2023-09-02 15:01:16: Route => "/"
2023-09-02 15:01:35: Route => "/"
2023-09-02 15:01:35: Route => "/"
2023-09-02 15:01:35: Route => "/"
2023-09-02 15:01:55: Route => "/"
2023-09-02 15:02:41: Route => "/"
2023-09-02 15:03:02: Route => "/"
2023-09-02 15:03:06: Route => "/"
2023-09-02 15:03:48: Route => "/"
2023-09-02 15:04:34: Route => "/"
2023-09-02 15:04:37: Route => "/"
2023-09-02 15:04:37: Route => "/"
2023-09-02 15:04:37: Route => "/"
2023-09-02 15:04:37: Route => "/"
2023-09-02 15:04:53: Route => "/"
2023-09-02 15:05:15: Route => "/"
2023-09-02 15:06:03: Route => "/"
2023-09-02 15:06:05: Route => "/"
2023-09-02 15:06:05: Route => "/"
2023-09-02 15:06:05: Route => "/"
2023-09-02 15:06:35: Route => "/"
2023-09-02 15:06:42: Route => "/"
2023-09-02 15:06:49: Route => "/"
2023-09-02 15:06:50: Route => "/"
2023-09-02 15:07:08: Route => "/"
2023-09-02 15:07:48: Route => "/"
2023-09-02 15:08:59: Route => "/"
2023-09-02 15:09:18: Route => "/"
2023-09-02 15:10:40: Route => "/"
2023-09-02 15:11:38: Route => "/"
2023-09-02 15:11:46: Route => "/"
2023-09-02 15:14:04: Route => "/"
2023-09-02 15:14:26: Route => "/"
2023-09-02 15:18:30: Route => "/test/test"
2023-09-02 15:18:32: Route => "/test/test"
2023-09-02 15:18:47: Route => "/test/test"
2023-09-02 15:19:12: Route => "/test/test"
2023-09-02 15:27:30: Route => "/test/test"
2023-09-02 15:27:34: Route => "/test/test"
2023-09-02 15:27:36: Route => "/test/test"
2023-09-02 15:28:08: Route => "/test/test"
2023-09-02 15:28:09: Route => "/test/add/2"
2023-09-02 15:28:11: Route => "/test/test"
2023-09-02 15:28:12: Route => "/test/test"
2023-09-02 15:28:12: Route => "/test/test"
2023-09-02 15:28:14: Route => "/test/add/2"
2023-09-02 15:28:15: Route => "/test/test"
2023-09-02 15:28:28: Route => "/test/test"
2023-09-02 15:28:49: Route => "/test/test"
2023-09-02 15:28:49: Route => "/test/test"
2023-09-02 15:30:17: Route => "/test/test"
2023-09-02 15:30:24: Route => "/test/test"
2023-09-02 15:30:24: Route => "/test/test"
2023-09-02 15:30:40: Route => "/test/test"
2023-09-02 15:30:41: Route => "/test/test"
2023-09-02 15:30:41: Route => "/test/test"
2023-09-02 15:30:41: Route => "/test/test"
2023-09-02 15:30:41: Route => "/test/test"
2023-09-02 15:30:41: Route => "/test/test"
2023-09-02 15:30:42: Route => "/test/test"
2023-09-02 15:30:43: Route => "/test/test"
2023-09-02 15:30:52: Route => "/test/test"
2023-09-02 15:30:52: Route => "/test/test"
2023-09-02 15:30:52: Route => "/test/test"
2023-09-02 15:30:52: Route => "/test/test"
2023-09-02 15:30:52: Route => "/test/test"
2023-09-02 15:30:54: Route => "/test/test"
2023-09-02 15:31:40: Route => "/test/test"
2023-09-02 15:31:42: Route => "/test/test"
2023-09-02 15:31:49: Route => "/test/test"
2023-09-02 15:31:49: Route => "/test/test"
2023-09-02 15:31:49: Route => "/test/test"
2023-09-02 15:31:49: Route => "/test/test"
2023-09-02 15:32:50: Route => "/test/test"
2023-09-02 15:32:51: Route => "/test/test"
2023-09-02 15:32:51: Route => "/test/test"
2023-09-02 15:32:51: Route => "/test/test"
2023-09-02 15:32:51: Route => "/test/test"
2023-09-02 15:33:09: Route => "/test/test"
2023-09-02 15:33:09: Route => "/test/test"
2023-09-02 15:33:09: Route => "/test/test"
2023-09-02 15:33:09: Route => "/test/test"
2023-09-02 15:33:10: Route => "/test/test"
2023-09-02 15:33:13: Route => "/test/test"
2023-09-02 15:33:14: Route => "/test/test"
2023-09-02 15:33:14: Route => "/test/test"
2023-09-02 15:33:14: Route => "/test/test"
2023-09-02 15:33:14: Route => "/test/test"
2023-09-02 15:33:40: Route => "/test/test"
2023-09-02 15:33:48: Route => "/test/test"
2023-09-02 15:34:20: Route => "/test/test"
2023-09-02 15:34:50: Route => "/test/test"
2023-09-02 15:34:50: Route => "/test/test"
2023-09-02 15:34:50: Route => "/test/test"
2023-09-02 15:34:50: Route => "/test/test"
2023-09-02 15:34:51: Route => "/test/test"
2023-09-02 15:34:51: Route => "/test/test"
2023-09-02 15:34:51: Route => "/test/test"
2023-09-02 15:34:51: Route => "/test/test"
2023-09-02 15:34:52: Route => "/test/test"
2023-09-02 15:34:52: Route => "/test/test"
2023-09-02 15:34:53: Route => "/test/test"
2023-09-02 15:35:07: Route => "/test/test"
2023-09-02 15:35:08: Route => "/test/test"
2023-09-02 15:35:15: Route => "/test/test"
2023-09-02 15:35:15: Route => "/test/test"
2023-09-02 15:35:16: Route => "/test/test"
2023-09-02 15:35:16: Route => "/test/test"
2023-09-02 15:35:45: Route => "/test/test"
2023-09-02 15:36:16: Route => "/test/test"
2023-09-02 15:36:17: Route => "/test/test"
2023-09-02 15:36:17: Route => "/test/test"
2023-09-02 15:36:17: Route => "/test/test"
2023-09-02 15:36:17: Route => "/test/test"
2023-09-02 15:36:19: Route => "/test/test"
2023-09-02 15:36:20: Route => "/test/test"
2023-09-02 15:36:28: Route => "/test/test"
2023-09-02 15:36:28: Route => "/test/test"
2023-09-02 15:36:28: Route => "/test/test"
2023-09-02 15:36:28: Route => "/test/test"
2023-09-02 15:36:29: Route => "/test/test"
2023-09-02 15:36:33: Route => "/test/test"
2023-09-02 15:36:39: Route => "/test/test"
2023-09-02 15:36:41: Route => "/test/test"
2023-09-02 15:36:42: Route => "/test/test"
2023-09-02 15:36:43: Route => "/test/test"
2023-09-02 15:36:43: Route => "/test/test"
2023-09-02 15:36:43: Route => "/test/test"
2023-09-02 15:36:43: Route => "/test/test"
2023-09-02 15:37:04: Route => "/test/test"
2023-09-02 15:37:06: Route => "/test/test"
2023-09-02 15:37:11: Route => "/test/test"
2023-09-02 15:37:12: Route => "/test/test"
2023-09-02 15:37:12: Route => "/test/test"
2023-09-02 15:37:12: Route => "/test/test"
2023-09-02 15:37:14: Route => "/test/test"
2023-09-02 15:37:15: Route => "/test/test"
2023-09-02 15:37:25: Route => "/test/test"
2023-09-02 15:37:26: Route => "/test/test"
2023-09-02 15:37:26: Route => "/test/test"
2023-09-02 15:37:27: Route => "/test/test"
2023-09-02 15:37:28: Route => "/test/test"
2023-09-02 15:37:29: Route => "/test/test"
2023-09-02 15:37:29: Route => "/test/test"
2023-09-02 15:37:30: Route => "/test/test"
2023-09-02 15:37:31: Route => "/test/test"
2023-09-02 15:37:56: Route => "/test/test"
2023-09-02 15:37:56: Route => "/test/test"
2023-09-02 15:37:56: Route => "/test/test"
2023-09-02 15:37:56: Route => "/test/test"
2023-09-02 15:37:57: Route => "/test/test"
2023-09-02 15:37:57: Route => "/test/test"
2023-09-02 15:37:58: Route => "/test/test"
2023-09-02 15:38:00: Route => "/test/test"
2023-09-02 15:38:07: Route => "/test/test"
2023-09-02 15:38:08: Route => "/test/test"
2023-09-02 15:38:08: Route => "/test/test"
2023-09-02 15:39:00: Route => "/test/test"
2023-09-02 15:39:06: Route => "/test/test"
2023-09-02 15:39:06: Route => "/test/test"
2023-09-02 15:39:07: Route => "/test/test"
2023-09-02 15:39:07: Route => "/test/test"
2023-09-02 15:39:11: Route => "/test/test"
2023-09-02 15:39:52: Route => "/test/test"
2023-09-02 15:39:52: Route => "/test/test"
2023-09-02 15:39:53: Route => "/test/test"
2023-09-02 15:39:53: Route => "/test/test"
2023-09-02 15:39:55: Route => "/test/test"
2023-09-02 15:40:17: Route => "/test/test"
2023-09-02 15:40:19: Route => "/test/test"
2023-09-02 15:40:23: Route => "/test/test"
2023-09-02 15:40:38: Route => "/test/test"
2023-09-02 15:41:05: Route => "/test/test"
2023-09-02 15:41:26: Route => "/test/test"
2023-09-02 15:41:38: Route => "/test/test"
2023-09-02 15:42:17: Route => "/test/test"
2023-09-02 15:43:13: Route => "/test/test"
2023-09-02 15:43:14: Route => "/test/test"
2023-09-02 15:58:15: Route => "/test/test"
2023-09-02 15:58:16: Route => "/test/test"
2023-09-02 15:58:28: Route => "/test/test"
2023-09-02 15:59:16: Route => "/test/test"
2023-09-02 15:59:17: Route => "/test/test"
2023-09-02 15:59:17: Route => "/test/test"
2023-09-02 15:59:23: Route => "/test/test"
2023-09-02 16:00:18: Route => "/test/test"
2023-09-02 16:00:20: Route => "/test/test"
2023-09-02 16:00:26: Route => "/test/test"
2023-09-02 16:00:52: Route => "/test/test"
2023-09-02 16:01:03: Route => "/test/test"
2023-09-02 16:01:04: Route => "/test/test"
2023-09-02 16:01:21: Route => "/test/test"
2023-09-02 16:01:39: Route => "/test/test"
2023-09-02 16:01:45: Route => "/test/test"
2023-09-02 16:02:17: Route => "/test/test"
2023-09-02 16:02:18: Route => "/test/test"
2023-09-02 16:02:19: Route => "/test/test"
2023-09-02 16:02:20: Route => "/test/test"
2023-09-02 16:02:20: Route => "/test/test"
2023-09-02 16:02:20: Route => "/test/test"
2023-09-02 16:02:25: Route => "/test/test"
2023-09-02 16:02:27: Route => "/test/test"
2023-09-02 16:02:27: Route => "/test/test"
2023-09-02 16:02:27: Route => "/test/test"
2023-09-02 16:02:27: Route => "/test/test"
2023-09-02 16:03:49: Route => "/test/test"
2023-09-02 16:03:51: Route => "/test/test"
2023-09-02 16:03:52: Route => "/test/test"
2023-09-02 16:04:16: Route => "/test/test"
2023-09-02 16:04:45: Route => "/test/test"
2023-09-02 16:04:48: Route => "/test/test"
2023-09-02 16:04:49: Route => "/test/test"
2023-09-02 16:04:52: Route => "/test/test"
2023-09-02 16:04:54: Route => "/test/test"
2023-09-02 16:04:57: Route => "/test/test"
2023-09-02 16:05:54: Route => "/test/test"
2023-09-02 16:05:56: Route => "/test/test"
2023-09-02 16:05:56: Route => "/test/test"
2023-09-02 16:05:57: Route => "/test/test"
2023-09-02 16:06:13: Route => "/test/test"
2023-09-02 16:06:30: Route => "/test/test"
2023-09-02 16:06:33: Route => "/test/test"
2023-09-02 16:06:34: Route => "/test/test"
2023-09-02 16:06:45: Route => "/test/test"
2023-09-02 16:06:57: Route => "/test/test"
2023-09-02 16:07:09: Route => "/test/test"
2023-09-02 16:07:32: Route => "/test/test"
2023-09-02 16:07:33: Route => "/test/test"
2023-09-02 16:07:33: Route => "/test/test"
2023-09-02 16:07:35: Route => "/test/test"
2023-09-02 16:07:50: Route => "/test/test"
2023-09-02 16:07:55: Route => "/test/test"
2023-09-02 16:08:37: Route => "/test/test"
2023-09-02 16:08:37: Route => "/test/test"
2023-09-02 16:08:38: Route => "/test/test"
2023-09-02 16:08:56: Route => "/test/test"
2023-09-02 16:08:56: Route => "/test/test"
2023-09-02 16:08:57: Route => "/test/test"
2023-09-02 16:08:57: Route => "/test/test"
2023-09-02 16:08:57: Route => "/test/test"
2023-09-02 16:08:57: Route => "/test/test"
2023-09-02 16:08:57: Route => "/test/test"
2023-09-02 16:09:21: Route => "/test/test"
2023-09-02 16:09:22: Route => "/test/test"
2023-09-02 16:09:40: Route => "/test/test"
2023-09-02 16:09:44: Route => "/test/test"
2023-09-02 16:10:12: Route => "/test/test"
2023-09-02 16:10:15: Route => "/test/test"
2023-09-02 16:10:41: Route => "/test/test"
2023-09-02 16:11:13: Route => "/test/test"
2023-09-02 16:11:14: Route => "/test/test"
2023-09-02 16:11:14: Route => "/test/test"
2023-09-02 16:11:25: Route => "/test/test"
2023-09-02 16:11:26: Route => "/test/test"
2023-09-02 16:11:35: Route => "/test/test"
2023-09-02 16:11:42: Route => "/test/test"
2023-09-02 16:11:45: Route => "/test/test"
2023-09-02 16:11:47: Route => "/test/test"
2023-09-02 16:11:48: Route => "/test/test"
2023-09-02 16:11:57: Route => "/test/test"
2023-09-02 16:11:58: Route => "/test/test"
2023-09-02 16:11:59: Route => "/test/test"
2023-09-02 16:11:59: Route => "/test/test"
2023-09-02 16:11:59: Route => "/test/test"
2023-09-02 16:12:06: Route => "/test/test"
2023-09-02 16:12:07: Route => "/test/test"
2023-09-02 16:12:08: Route => "/test/test"
2023-09-02 16:12:45: Route => "/test/test"
2023-09-02 16:12:46: Route => "/test/test"
2023-09-02 16:13:05: Route => "/test/test"
2023-09-02 16:13:05: Route => "/test/test"
2023-09-02 16:13:16: Route => "/test/test"
2023-09-02 16:13:33: Route => "/test/test"
2023-09-02 16:13:50: Route => "/test/test"
2023-09-02 16:13:55: Route => "/test/test"
2023-09-02 16:13:56: Route => "/test/test"
2023-09-02 16:13:56: Route => "/test/test"
2023-09-02 16:14:16: Route => "/test/test"
2023-09-02 16:14:27: Route => "/test/test"
2023-09-02 16:14:30: Route => "/test/test"
2023-09-02 16:14:38: Route => "/test/test"
2023-09-02 16:14:41: Route => "/test/test"
2023-09-02 16:15:51: Route => "/test/test"
2023-09-02 16:16:31: Route => "/test/test"
2023-09-02 16:16:45: Route => "/test/test"
2023-09-02 16:16:55: Route => "/test/test"
2023-09-02 16:18:58: Route => "/test/test"
2023-09-02 16:19:00: Route => "/test/test"
2023-09-02 16:19:01: Route => "/test/test"
2023-09-02 16:19:04: Route => "/test/test"
2023-09-02 16:19:05: Route => "/test/test"
2023-09-02 16:19:33: Route => "/test/test"
2023-09-02 16:19:57: Route => "/test/test"
2023-09-02 16:20:03: Route => "/test/test"
2023-09-02 16:20:04: Route => "/test/test"
2023-09-02 16:20:09: Route => "/test/test"
2023-09-02 16:20:16: Route => "/test/test"
2023-09-02 16:20:40: Route => "/test/test"
2023-09-02 16:20:45: Route => "/test/test"
2023-09-02 16:20:54: Route => "/test/test"
2023-09-02 16:20:54: Route => "/test/test"
2023-09-02 16:20:57: Route => "/test/test"
2023-09-02 16:21:25: Route => "/test/test"
2023-09-02 16:21:26: Route => "/test/test?"
2023-09-02 16:21:27: Route => "/test/test?test_field=&test_field_2=ph"
2023-09-02 16:21:27: Route => "/test/test?test_field=&test_field_2=ph"
2023-09-02 16:21:35: Route => "/test/test?test_field=&test_field_2=ph"
2023-09-02 16:22:07: Route => "/test/test?test_field=&test_field_2=ph"
2023-09-02 16:22:07: Route => "/test/test"
2023-09-02 16:22:48: Route => "/test/test"
2023-09-02 16:22:48: Route => "/test/test"
2023-09-02 16:22:49: Route => "/test/test"
2023-09-02 16:22:49: Route => "/test/test"
2023-09-02 16:22:49: Route => "/test/test"
2023-09-02 16:23:08: Route => "/test/test"
2023-09-02 16:23:09: Route => "/test/test"
2023-09-02 16:23:09: Route => "/test/test"
2023-09-02 16:23:09: Route => "/test/test"
2023-09-02 16:23:24: Route => "/test/test"
2023-09-02 16:23:24: Route => "/test/test"
2023-09-02 16:23:24: Route => "/test/test"
2023-09-02 16:23:28: Route => "/test/test"
2023-09-02 16:23:28: Route => "/test/test"
2023-09-02 16:23:28: Route => "/test/test"
2023-09-02 16:23:33: Route => "/test/test"
2023-09-02 16:23:37: Route => "/test/test"
2023-09-02 16:23:38: Route => "/test/test"
2023-09-02 16:23:51: Route => "/test/test"
2023-09-02 16:23:57: Route => "/test/test"
2023-09-02 16:24:05: Route => "/test/test"
2023-09-02 16:24:05: Route => "/test/test"
2023-09-02 16:24:05: Route => "/test/test"
2023-09-02 16:24:12: Route => "/test/test"
2023-09-02 16:24:12: Route => "/test/test"
2023-09-02 16:24:20: Route => "/test/test"
2023-09-02 16:24:20: Route => "/test/test"
2023-09-02 16:24:20: Route => "/test/test"
2023-09-02 16:25:09: Route => "/test/test"
2023-09-02 16:25:09: Route => "/test/test"
2023-09-02 16:25:15: Route => "/test/test"
2023-09-02 16:25:18: Route => "/test/test"
2023-09-02 16:26:14: Route => "/test/test"
2023-09-02 16:26:15: Route => "/test/test"
2023-09-02 16:26:15: Route => "/test/test"
2023-09-02 16:26:17: Route => "/test/test"
2023-09-02 16:26:25: Route => "/test/test"
2023-09-02 16:26:25: Route => "/test/test"
2023-09-02 16:26:26: Route => "/test/test"
2023-09-02 16:26:33: Route => "/test/test"
2023-09-02 16:26:49: Route => "/test/test"
2023-09-02 16:26:49: Route => "/test/test"
2023-09-02 16:26:50: Route => "/test/test"
2023-09-02 16:27:07: Route => "/test/test"
2023-09-02 16:27:07: Route => "/test/test"
2023-09-02 16:27:09: Route => "/test/test"
2023-09-02 16:27:12: Route => "/test/test"
2023-09-02 16:27:13: Route => "/test/test"
2023-09-02 16:27:13: Route => "/test/test"
2023-09-02 16:27:13: Route => "/test/test"
2023-09-02 16:27:14: Route => "/test/test"
2023-09-02 16:27:44: Route => "/test/test"
2023-09-02 16:27:46: Route => "/test/test"
2023-09-02 16:27:48: Route => "/test/test"
2023-09-02 16:28:02: Route => "/test/test"
2023-09-02 16:28:14: Route => "/test/test"
2023-09-02 16:28:15: Route => "/test/test"
2023-09-02 16:28:15: Route => "/test/test"
2023-09-02 16:28:51: Route => "/test/test"
2023-09-02 16:28:53: Route => "/test/test"
2023-09-02 16:29:02: Route => "/test/test"
2023-09-02 16:29:10: Route => "/test/test"
2023-09-02 16:29:10: Route => "/test/test"
2023-09-02 16:29:12: Route => "/test/test"
2023-09-02 16:29:14: Route => "/test/test"
2023-09-02 16:29:16: Route => "/test/test"
2023-09-02 16:29:18: Route => "/test/test"
2023-09-02 16:29:20: Route => "/test/test"
2023-09-02 16:29:24: Route => "/test/test"
2023-09-02 16:29:43: Route => "/test/test"
2023-09-02 16:29:53: Route => "/test/test"
2023-09-02 16:31:35: Route => "/test/test"
2023-09-02 16:32:08: Route => "/test/test"
2023-09-02 16:32:09: Route => "/test/test"
2023-09-02 16:32:09: Route => "/test/test"
2023-09-02 16:32:25: Route => "/test/test"
2023-09-02 16:34:37: Route => "/test/test"
2023-09-02 16:34:53: Route => "/test/test"
2023-09-02 16:35:10: Route => "/test/test"
2023-09-02 16:35:22: Route => "/test/test"
2023-09-02 16:36:19: Route => "/test/test"
2023-09-02 16:36:20: Route => "/test/test"
2023-09-02 16:36:20: Route => "/test/test"
2023-09-02 16:37:34: Route => "/test/test"
2023-09-02 16:38:00: Route => "/test/test"
2023-09-02 16:38:01: Route => "/test/test"
2023-09-02 16:38:02: Route => "/test/test"
2023-09-02 16:38:02: Route => "/test/test"
2023-09-02 16:38:10: Route => "/test/test"
2023-09-02 16:38:37: Route => "/test/test"
2023-09-02 16:38:42: Route => "/test/test"
2023-09-02 16:38:43: Route => "/test/test"
2023-09-02 16:39:03: Route => "/test/test"
2023-09-02 21:24:25: Route => "/test/test"
2023-09-02 21:24:25: Route => "/test/test"
2023-09-02 21:24:25: Route => "/test/test"
2023-09-02 21:24:25: Route => "/test/test"
2023-09-02 21:24:26: Route => "/test/test"
2023-09-02 21:26:27: Route => "/test/test"
2023-09-02 21:26:28: Route => "/test/test"
2023-09-02 21:28:01: Route => "/test/test"
2023-09-02 21:29:55: Route => "/test/test"
2023-09-02 21:30:13: Route => "/test/test"
2023-09-02 21:30:14: Route => "/test/test"
2023-09-02 21:30:27: Route => "/test/test"
2023-09-02 21:30:28: Route => "/test/test"
2023-09-02 21:30:37: Route => "/test/test"
2023-09-02 21:30:38: Route => "/test/test"
2023-09-02 21:30:57: Route => "/test/test"
2023-09-02 21:31:30: Route => "/test/test"
2023-09-02 21:32:43: Route => "/test/test"
2023-09-02 21:33:18: Route => "/test/test"
2023-09-02 21:34:16: Route => "/test/test"
2023-09-02 21:34:18: Route => "/test/test"
2023-09-02 21:34:18: Route => "/test/test"
2023-09-02 21:34:45: Route => "/test/test"
2023-09-02 21:34:46: Route => "/test/test"
2023-09-02 21:34:46: Route => "/test/test"
2023-09-02 21:35:04: Route => "/test/test"
2023-09-02 21:35:05: Route => "/test/test"
2023-09-02 21:35:05: Route => "/test/test"
2023-09-02 21:35:05: Route => "/test/test"
2023-09-02 21:35:05: Route => "/test/test"
2023-09-02 21:35:20: Route => "/test/test"
2023-09-02 21:35:20: Route => "/test/test"
2023-09-02 21:35:20: Route => "/test/test"
2023-09-02 21:35:58: Route => "/test/test"
2023-09-02 21:35:58: Route => "/test/test"
2023-09-02 21:36:04: Route => "/test/test"
2023-09-02 21:36:05: Route => "/test/test"
2023-09-02 21:36:10: Route => "/test/test"
2023-09-02 21:36:25: Route => "/test/test"
2023-09-02 21:36:26: Route => "/test/test"
2023-09-02 21:36:26: Route => "/test/test"
2023-09-02 21:36:32: Route => "/test/test"
2023-09-02 21:36:32: Route => "/test/test"
2023-09-02 21:36:37: Route => "/test/test"
2023-09-02 21:36:41: Route => "/test/test"
2023-09-02 21:37:03: Route => "/test/test"
2023-09-02 21:37:04: Route => "/test/test"
2023-09-02 21:37:04: Route => "/test/test"
2023-09-02 21:37:04: Route => "/test/test"
2023-09-02 21:37:04: Route => "/test/test"
2023-09-02 21:37:05: Route => "/test/test"
2023-09-02 21:37:06: Route => "/test/test"
2023-09-02 21:37:07: Route => "/test/test"
2023-09-02 21:37:08: Route => "/test/test"
2023-09-02 21:37:20: Route => "/test/test"
2023-09-02 21:37:20: Route => "/test/test"
2023-09-02 21:37:21: Route => "/test/test"
2023-09-02 21:37:36: Route => "/test/test"
2023-09-02 21:37:45: Route => "/test/test"
2023-09-02 21:37:46: Route => "/test/test"
2023-09-02 21:37:54: Route => "/test/test"
2023-09-02 21:38:41: Route => "/test/test"
2023-09-02 21:38:43: Route => "/test/test"
2023-09-02 21:38:43: Route => "/test/test"
2023-09-02 21:39:07: Route => "/test/test"
2023-09-02 21:39:08: Route => "/test/test"
2023-09-02 21:39:24: Route => "/test/test"
2023-09-02 21:39:25: Route => "/test/test"
2023-09-02 21:39:32: Route => "/test/test"
2023-09-02 21:39:33: Route => "/test/test"
2023-09-02 21:39:55: Route => "/test/test"
2023-09-02 21:40:04: Route => "/test/test"
2023-09-02 21:41:21: Route => "/test/test"
2023-09-02 21:41:33: Route => "/test/test"
2023-09-02 21:41:57: Route => "/test/test"
2023-09-02 21:42:12: Route => "/test/test"
2023-09-02 21:42:42: Route => "/test/test"
2023-09-02 21:42:43: Route => "/test/test"
2023-09-02 21:42:43: Route => "/test/test"
2023-09-02 21:42:44: Route => "/test/test"
2023-09-02 21:42:44: Route => "/test/test"
2023-09-02 21:43:38: Route => "/test/test"
2023-09-02 21:43:38: Route => "/test/test"
2023-09-02 21:43:38: Route => "/test/test"
2023-09-02 21:43:39: Route => "/test/test"
2023-09-02 21:45:07: Route => "/test/test"
2023-09-02 21:45:44: Route => "/test/test"
2023-09-02 21:45:44: Route => "/test/test"
2023-09-02 21:45:53: Route => "/test/test"
2023-09-02 21:45:53: Route => "/test/test"
2023-09-02 21:45:54: Route => "/test/test"
2023-09-02 21:45:54: Route => "/test/test"
2023-09-02 21:45:54: Route => "/test/test"
2023-09-02 21:45:54: Route => "/test/test"
2023-09-02 21:46:19: Route => "/test/test"
2023-09-02 21:46:20: Route => "/test/test"
2023-09-02 21:46:20: Route => "/test/test"
2023-09-02 21:46:20: Route => "/test/test"
2023-09-02 21:46:20: Route => "/test/test"
2023-09-02 21:47:15: Route => "/test/test"
2023-09-02 21:47:16: Route => "/test/test"
2023-09-02 21:47:28: Route => "/test/test"
2023-09-02 21:47:29: Route => "/test/test"
2023-09-02 21:47:29: Route => "/test/test"
2023-09-02 21:47:38: Route => "/test/test"
2023-09-02 21:47:39: Route => "/test/test"
2023-09-02 21:47:39: Route => "/test/test"
2023-09-02 21:47:39: Route => "/test/test"
2023-09-02 21:47:39: Route => "/test/test"
2023-09-02 21:47:47: Route => "/test/test"
2023-09-02 21:47:53: Route => "/test/test"
2023-09-02 21:47:54: Route => "/test/test"
2023-09-02 21:47:56: Route => "/test/test"
2023-09-02 21:47:57: Route => "/test/test"
2023-09-02 21:48:23: Route => "/test/test"
2023-09-02 21:48:24: Route => "/test/test"
2023-09-02 21:48:24: Route => "/test/test"
2023-09-02 21:48:24: Route => "/test/test"
2023-09-02 21:48:29: Route => "/test/test"
2023-09-02 21:48:30: Route => "/test/test"
2023-09-02 21:48:30: Route => "/test/test"
2023-09-02 21:48:37: Route => "/test/test"
2023-09-02 21:48:37: Route => "/test/test"
2023-09-02 21:48:38: Route => "/test/test"
2023-09-02 21:48:38: Route => "/test/test"
2023-09-02 21:48:38: Route => "/test/test"
2023-09-02 21:48:45: Route => "/test/test"
2023-09-02 21:49:27: Route => "/test/test"
2023-09-02 21:49:34: Route => "/test/test"
2023-09-02 21:49:36: Route => "/test/test"
2023-09-02 21:49:39: Route => "/test/test"
2023-09-02 21:49:45: Route => "/test/test"
2023-09-02 21:49:48: Route => "/test/test"
2023-09-02 21:50:09: Route => "/test/test"
2023-09-02 21:51:51: Route => "/test/test"
2023-09-02 21:51:51: Route => "/test/test"
2023-09-02 21:52:06: Route => "/test/test"
2023-09-02 21:52:34: Route => "/test/test"
2023-09-02 21:52:35: Route => "/test/test"
2023-09-02 21:52:36: Route => "/test/test"
2023-09-02 21:54:18: Route => "/test/test"
2023-09-02 21:54:19: Route => "/test/test"
2023-09-02 21:54:19: Route => "/test/test"
2023-09-02 21:54:19: Route => "/test/test"
2023-09-02 21:54:49: Route => "/test/test"
2023-09-02 21:54:49: Route => "/test/test"
2023-09-02 21:55:31: Route => "/test/test"
2023-09-02 21:55:32: Route => "/test/test"
2023-09-02 21:55:41: Route => "/test/test"
2023-09-02 21:55:52: Route => "/test/test"
2023-09-02 21:55:56: Route => "/test/test"
2023-09-02 21:56:01: Route => "/test/test"
2023-09-02 21:57:13: Route => "/test/test"
2023-09-02 21:57:19: Route => "/test/test"
2023-09-02 21:57:33: Route => "/test/test"
2023-09-02 21:57:43: Route => "/test/test"
2023-09-02 21:57:48: Route => "/test/test"
2023-09-02 21:57:57: Route => "/test/test"
2023-09-02 21:58:06: Route => "/test/test"
2023-09-02 21:58:20: Route => "/test/test"
2023-09-02 21:58:21: Route => "/test/test"
2023-09-02 21:58:21: Route => "/test/test"
2023-09-02 21:58:21: Route => "/test/test"
2023-09-02 21:58:22: Route => "/test/test"
2023-09-02 21:58:22: Route => "/test/test"
2023-09-02 21:58:22: Route => "/test/test"
2023-09-02 21:58:23: Route => "/test/test"
2023-09-02 21:58:23: Route => "/test/test"
2023-09-02 21:58:24: Route => "/test/test"
2023-09-02 21:58:25: Route => "/test/test"
2023-09-02 21:58:32: Route => "/test/test"
2023-09-02 21:58:53: Route => "/test/test"
2023-09-02 21:58:59: Route => "/test/test"
2023-09-02 21:59:03: Route => "/test/test"
2023-09-02 21:59:10: Route => "/test/test"
2023-09-02 21:59:18: Route => "/test/test"
2023-09-02 21:59:29: Route => "/test/test"
2023-09-02 21:59:30: Route => "/test/test"
2023-09-02 21:59:30: Route => "/test/test"
2023-09-02 21:59:49: Route => "/test/test"
2023-09-02 22:00:12: Route => "/test/test"
2023-09-02 22:00:13: Route => "/test/test"
2023-09-02 22:00:14: Route => "/test/test"
2023-09-02 22:00:14: Route => "/test/test"
2023-09-02 22:00:21: Route => "/test/test"
2023-09-02 22:00:33: Route => "/test/test"
2023-09-02 22:01:44: Route => "/test/test"
2023-09-02 22:01:52: Route => "/test/test"
2023-09-02 22:02:03: Route => "/test/test"
2023-09-02 22:02:04: Route => "/test/test"
2023-09-02 22:02:04: Route => "/test/test"
2023-09-02 22:02:20: Route => "/test/test"
2023-09-02 22:04:01: Route => "/test/test"
2023-09-02 22:04:02: Route => "/test/test"
2023-09-02 22:04:07: Route => "/test/test"
2023-09-02 22:04:47: Route => "/test/test"
2023-09-02 22:04:51: Route => "/test/test"
2023-09-02 22:04:51: Route => "/test/test"
2023-09-02 22:05:14: Route => "/test/test"
2023-09-02 22:05:15: Route => "/test/test"
2023-09-02 22:05:35: Route => "/test/test"
2023-09-02 22:05:51: Route => "/test/test"
2023-09-02 22:05:52: Route => "/test/test"
2023-09-02 22:05:53: Route => "/test/test"
2023-09-02 22:06:33: Route => "/test/test"
2023-09-02 22:06:34: Route => "/test/test"
2023-09-02 22:06:34: Route => "/test/test"
2023-09-02 22:06:35: Route => "/test/test"
2023-09-02 22:07:17: Route => "/test/test"
2023-09-02 22:07:18: Route => "/test/test"
2023-09-02 22:07:24: Route => "/test/test"
2023-09-02 22:07:27: Route => "/test/test"
2023-09-02 22:07:38: Route => "/test/test"
2023-09-02 22:07:38: Route => "/test/test"
2023-09-02 22:07:39: Route => "/test/test"
2023-09-02 22:07:58: Route => "/test/test"
2023-09-02 22:08:26: Route => "/test/test"
2023-09-02 22:08:31: Route => "/test/test"
2023-09-02 22:08:45: Route => "/test/test"
2023-09-02 22:08:49: Route => "/test/test?addad=adad"
2023-09-02 22:08:50: Route => "/test/test"
2023-09-02 22:09:15: Route => "/test/test"
2023-09-02 22:09:52: Route => "/test/test"
2023-09-02 22:09:53: Route => "/test/test"
2023-09-02 22:09:53: Route => "/test/test"
2023-09-02 22:09:53: Route => "/test/test"
2023-09-02 22:10:04: Route => "/test/test"
2023-09-02 22:10:08: Route => "/test/test"
2023-09-02 22:10:15: Route => "/test/test"
2023-09-02 22:10:16: Route => "/test/test"
2023-09-02 22:10:20: Route => "/test/test"
2023-09-02 22:10:21: Route => "/test/test"
2023-09-02 22:10:21: Route => "/test/test"
2023-09-02 22:10:21: Route => "/test/test"
2023-09-02 22:10:22: Route => "/test/test"
2023-09-02 22:10:22: Route => "/test/test"
2023-09-02 22:10:23: Route => "/test/test"
2023-09-02 22:10:55: Route => "/test/test"
2023-09-02 22:10:55: Route => "/test/test"
2023-09-02 22:11:05: Route => "/test/test"
2023-09-02 22:11:06: Route => "/test/test"
2023-09-02 22:11:06: Route => "/test/test"
2023-09-02 22:11:09: Route => "/test/test"
2023-09-02 22:11:21: Route => "/test/test"
2023-09-02 22:11:32: Route => "/test/test"
2023-09-02 22:11:32: Route => "/test/test"
2023-09-02 22:11:33: Route => "/test/test"
2023-09-02 22:12:24: Route => "/test/test"
2023-09-02 22:12:25: Route => "/test/test"
2023-09-02 22:12:25: Route => "/test/test"
2023-09-02 22:12:46: Route => "/test/test"
2023-09-02 22:12:48: Route => "/test/test"
2023-09-02 22:12:48: Route => "/test/test"
2023-09-02 22:13:03: Route => "/test/test"
2023-09-02 22:13:04: Route => "/test/test"
2023-09-02 22:13:04: Route => "/test/test"
2023-09-02 22:13:19: Route => "/test/test"
2023-09-02 22:13:59: Route => "/test/test"
2023-09-02 22:14:00: Route => "/test/test"
2023-09-02 22:14:01: Route => "/test/test"
2023-09-02 22:14:02: Route => "/test/test"
2023-09-02 22:14:07: Route => "/test/test"
2023-09-02 22:14:09: Route => "/test/test"
2023-09-02 22:14:22: Route => "/test/test"
2023-09-02 22:14:33: Route => "/test/test"
2023-09-02 22:16:26: Route => "/test/test"
2023-09-02 22:16:27: Route => "/test/test"
2023-09-02 22:16:27: Route => "/test/test"
2023-09-02 22:16:51: Route => "/test/test"
2023-09-02 22:17:06: Route => "/test/test"
2023-09-02 22:17:07: Route => "/test/test"
2023-09-02 22:17:19: Route => "/test/test"
2023-09-02 22:17:19: Route => "/test/test"
2023-09-02 22:17:34: Route => "/test/test"
2023-09-02 22:17:35: Route => "/test/test"
2023-09-02 22:17:35: Route => "/test/test"
2023-09-02 22:17:57: Route => "/test/test"
2023-09-02 22:17:58: Route => "/test/test"
2023-09-02 22:17:58: Route => "/test/test"
2023-09-02 22:17:58: Route => "/test/test"
2023-09-02 22:17:59: Route => "/test/test"
2023-09-02 22:17:59: Route => "/test/test"
2023-09-02 22:18:07: Route => "/test/test"
2023-09-02 22:18:08: Route => "/test/test"
2023-09-02 22:18:08: Route => "/test/test"
2023-09-02 22:18:09: Route => "/test/test"
2023-09-02 22:18:10: Route => "/test/test"
2023-09-02 22:18:10: Route => "/test/test"
2023-09-02 22:18:15: Route => "/test/test"
2023-09-02 22:18:15: Route => "/test/test"
2023-09-02 22:18:34: Route => "/test/test"
2023-09-02 22:18:34: Route => "/test/test"
2023-09-02 22:18:34: Route => "/test/test"
2023-09-02 22:18:38: Route => "/test/test"
2023-09-02 22:18:43: Route => "/test/test"
2023-09-02 22:18:57: Route => "/test/test"
2023-09-02 22:19:16: Route => "/test/test"
2023-09-02 22:19:19: Route => "/test/test"
2023-09-02 22:19:25: Route => "/test/test"
2023-09-02 22:19:52: Route => "/test/test"
2023-09-02 22:19:52: Route => "/test/test"
2023-09-02 22:19:52: Route => "/test/test"
2023-09-02 22:20:10: Route => "/test/test"
2023-09-02 22:20:10: Route => "/test/test"
2023-09-02 22:20:11: Route => "/test/test"
2023-09-02 22:20:11: Route => "/test/test"
2023-09-02 22:20:17: Route => "/test/test"
2023-09-02 22:20:17: Route => "/test/test"
2023-09-02 22:20:17: Route => "/test/test"
2023-09-02 22:20:18: Route => "/test/test"
2023-09-02 22:20:19: Route => "/test/test"
2023-09-02 22:20:52: Route => "/test/test"
2023-09-02 22:21:00: Route => "/test/test"
2023-09-02 22:21:00: Route => "/test/test"
2023-09-02 22:21:00: Route => "/test/test"
2023-09-02 22:21:19: Route => "/test/test"
2023-09-02 22:21:20: Route => "/test/test"
2023-09-02 22:21:20: Route => "/test/test"
2023-09-02 22:21:29: Route => "/test/test"
2023-09-02 22:21:30: Route => "/test/test"
2023-09-02 22:21:46: Route => "/test/test"
2023-09-02 22:21:53: Route => "/test/test"
2023-09-02 22:22:29: Route => "/test/test"
2023-09-02 22:22:47: Route => "/test/test"
2023-09-02 22:22:56: Route => "/test/test"
2023-09-02 22:23:02: Route => "/test/test"
2023-09-02 22:23:20: Route => "/test/test"
