2023-09-05 15:36:31: Message => Declared parameter doesn't match the injected
2023-09-05 15:36:31: Route => "/"
2023-09-05 15:36:31: Trace => #0 C:\xampp\htdocs\framework_clean\lib\Core\Services.php(13): Core\Services::register()
2023-09-05 15:36:31: Trace => #1 C:\xampp\htdocs\framework_clean\web\app.php(26): Core\Services::setup()
2023-09-05 15:36:31: Trace => #2 C:\xampp\htdocs\framework_clean\web\app.php(32): Framework::boot()
2023-09-05 15:36:31: Trace => #3 {main}
2023-09-05 16:23:43: Message => Declared parameter doesn't match the injected
2023-09-05 16:23:43: Route => "/"
2023-09-05 16:23:43: Trace => #0 C:\xampp\htdocs\framework_clean\lib\Core\Services.php(13): Core\Services::register()
2023-09-05 16:23:43: Trace => #1 C:\xampp\htdocs\framework_clean\web\app.php(26): Core\Services::setup()
2023-09-05 16:23:43: Trace => #2 C:\xampp\htdocs\framework_clean\web\app.php(32): Framework::boot()
2023-09-05 16:23:43: Trace => #3 {main}
2023-09-05 16:23:54: Message => Declared parameter doesn't match the injected
2023-09-05 16:23:54: Route => "/"
2023-09-05 16:23:54: Trace => #0 C:\xampp\htdocs\framework_clean\lib\Core\Services.php(13): Core\Services::register()
2023-09-05 16:23:54: Trace => #1 C:\xampp\htdocs\framework_clean\web\app.php(26): Core\Services::setup()
2023-09-05 16:23:54: Trace => #2 C:\xampp\htdocs\framework_clean\web\app.php(32): Framework::boot()
2023-09-05 16:23:54: Trace => #3 {main}
2023-09-05 16:24:02: Message => Declared parameter doesn't match the injected
2023-09-05 16:24:02: Route => "/"
2023-09-05 16:24:02: Trace => #0 C:\xampp\htdocs\framework_clean\lib\Core\Services.php(13): Core\Services::register()
2023-09-05 16:24:02: Trace => #1 C:\xampp\htdocs\framework_clean\web\app.php(26): Core\Services::setup()
2023-09-05 16:24:02: Trace => #2 C:\xampp\htdocs\framework_clean\web\app.php(32): Framework::boot()
2023-09-05 16:24:02: Trace => #3 {main}
2023-09-05 17:41:06: Message => Declared parameter doesn't match the injected
2023-09-05 17:41:06: Route => "/"
2023-09-05 17:41:06: Trace => #0 C:\xampp\htdocs\framework_clean\lib\Core\Services.php(13): Core\Services::register()
2023-09-05 17:41:06: Trace => #1 C:\xampp\htdocs\framework_clean\web\app.php(26): Core\Services::setup()
2023-09-05 17:41:06: Trace => #2 C:\xampp\htdocs\framework_clean\web\app.php(32): Framework::boot()
2023-09-05 17:41:06: Trace => #3 {main}
2023-09-05 17:41:34: Message => Declared parameter doesn't match the injected
2023-09-05 17:41:34: Route => "/"
2023-09-05 17:41:34: Trace => #0 C:\xampp\htdocs\framework_clean\lib\Core\Services.php(13): Core\Services::register()
2023-09-05 17:41:34: Trace => #1 C:\xampp\htdocs\framework_clean\web\app.php(26): Core\Services::setup()
2023-09-05 17:41:34: Trace => #2 C:\xampp\htdocs\framework_clean\web\app.php(32): Framework::boot()
2023-09-05 17:41:34: Trace => #3 {main}
2023-09-05 17:41:34: Message => Declared parameter doesn't match the injected
2023-09-05 17:41:34: Route => "/"
2023-09-05 17:41:34: Trace => #0 C:\xampp\htdocs\framework_clean\lib\Core\Services.php(13): Core\Services::register()
2023-09-05 17:41:34: Trace => #1 C:\xampp\htdocs\framework_clean\web\app.php(26): Core\Services::setup()
2023-09-05 17:41:34: Trace => #2 C:\xampp\htdocs\framework_clean\web\app.php(32): Framework::boot()
2023-09-05 17:41:34: Trace => #3 {main}
2023-09-05 17:41:35: Message => Declared parameter doesn't match the injected
2023-09-05 17:41:35: Route => "/"
2023-09-05 17:41:35: Trace => #0 C:\xampp\htdocs\framework_clean\lib\Core\Services.php(13): Core\Services::register()
2023-09-05 17:41:35: Trace => #1 C:\xampp\htdocs\framework_clean\web\app.php(26): Core\Services::setup()
2023-09-05 17:41:35: Trace => #2 C:\xampp\htdocs\framework_clean\web\app.php(32): Framework::boot()
2023-09-05 17:41:35: Trace => #3 {main}
2023-09-05 17:41:47: Message => Declared parameter doesn't match the injected
2023-09-05 17:41:47: Route => "/"
2023-09-05 17:41:47: Trace => #0 C:\xampp\htdocs\framework_clean\lib\Core\Services.php(13): Core\Services::register()
2023-09-05 17:41:47: Trace => #1 C:\xampp\htdocs\framework_clean\web\app.php(26): Core\Services::setup()
2023-09-05 17:41:47: Trace => #2 C:\xampp\htdocs\framework_clean\web\app.php(32): Framework::boot()
2023-09-05 17:41:47: Trace => #3 {main}
2023-09-05 17:41:47: Message => Declared parameter doesn't match the injected
2023-09-05 17:41:47: Route => "/"
2023-09-05 17:41:47: Trace => #0 C:\xampp\htdocs\framework_clean\lib\Core\Services.php(13): Core\Services::register()
2023-09-05 17:41:47: Trace => #1 C:\xampp\htdocs\framework_clean\web\app.php(26): Core\Services::setup()
2023-09-05 17:41:47: Trace => #2 C:\xampp\htdocs\framework_clean\web\app.php(32): Framework::boot()
2023-09-05 17:41:47: Trace => #3 {main}
2023-09-05 17:43:01: Message => Declared parameter doesn't match the injected
2023-09-05 17:43:01: Route => "/"
2023-09-05 17:43:01: Trace => #0 C:\xampp\htdocs\framework_clean\lib\Core\Services.php(13): Core\Services::register()
2023-09-05 17:43:01: Trace => #1 C:\xampp\htdocs\framework_clean\web\app.php(26): Core\Services::setup()
2023-09-05 17:43:01: Trace => #2 C:\xampp\htdocs\framework_clean\web\app.php(32): Framework::boot()
2023-09-05 17:43:01: Trace => #3 {main}
2023-09-05 17:43:52: Message => Declared parameter doesn't match the injected
2023-09-05 17:43:52: Route => "/"
2023-09-05 17:43:52: Trace => #0 C:\xampp\htdocs\framework_clean\lib\Core\Services.php(13): Core\Services::register()
2023-09-05 17:43:52: Trace => #1 C:\xampp\htdocs\framework_clean\web\app.php(26): Core\Services::setup()
2023-09-05 17:43:52: Trace => #2 C:\xampp\htdocs\framework_clean\web\app.php(32): Framework::boot()
2023-09-05 17:43:52: Trace => #3 {main}
2023-09-05 17:44:34: Message => Number of declared parameter doesn't match the injected
2023-09-05 17:44:34: Route => "/"
2023-09-05 17:44:34: Trace => #0 C:\xampp\htdocs\framework_clean\lib\Core\Services.php(13): Core\Services::register()
2023-09-05 17:44:34: Trace => #1 C:\xampp\htdocs\framework_clean\web\app.php(26): Core\Services::setup()
2023-09-05 17:44:34: Trace => #2 C:\xampp\htdocs\framework_clean\web\app.php(32): Framework::boot()
2023-09-05 17:44:34: Trace => #3 {main}
2023-09-05 18:02:54: Message => Number of declared parameter doesn't match the injected
2023-09-05 18:02:54: Route => "/"
2023-09-05 18:02:54: Trace => #0 C:\xampp\htdocs\framework_clean\lib\Core\Services.php(13): Core\Services::register()
2023-09-05 18:02:54: Trace => #1 C:\xampp\htdocs\framework_clean\web\app.php(26): Core\Services::setup()
2023-09-05 18:02:54: Trace => #2 C:\xampp\htdocs\framework_clean\web\app.php(32): Framework::boot()
2023-09-05 18:02:54: Trace => #3 {main}
2023-09-05 18:03:11: Message => Number of declared parameter doesn't match the injected
2023-09-05 18:03:11: Route => "/"
2023-09-05 18:03:11: Trace => #0 C:\xampp\htdocs\framework_clean\lib\Core\Services.php(13): Core\Services::register()
2023-09-05 18:03:11: Trace => #1 C:\xampp\htdocs\framework_clean\web\app.php(26): Core\Services::setup()
2023-09-05 18:03:11: Trace => #2 C:\xampp\htdocs\framework_clean\web\app.php(32): Framework::boot()
2023-09-05 18:03:11: Trace => #3 {main}
2023-09-05 18:03:52: Message => Number of declared parameter doesn't match the injected
2023-09-05 18:03:52: Route => "/"
2023-09-05 18:03:52: Trace => #0 C:\xampp\htdocs\framework_clean\lib\Core\Services.php(13): Core\Services::register()
2023-09-05 18:03:52: Trace => #1 C:\xampp\htdocs\framework_clean\web\app.php(26): Core\Services::setup()
2023-09-05 18:03:52: Trace => #2 C:\xampp\htdocs\framework_clean\web\app.php(32): Framework::boot()
2023-09-05 18:03:52: Trace => #3 {main}
2023-09-05 18:03:52: Message => Number of declared parameter doesn't match the injected
2023-09-05 18:03:52: Route => "/"
2023-09-05 18:03:52: Trace => #0 C:\xampp\htdocs\framework_clean\lib\Core\Services.php(13): Core\Services::register()
2023-09-05 18:03:52: Trace => #1 C:\xampp\htdocs\framework_clean\web\app.php(26): Core\Services::setup()
2023-09-05 18:03:52: Trace => #2 C:\xampp\htdocs\framework_clean\web\app.php(32): Framework::boot()
2023-09-05 18:03:52: Trace => #3 {main}
2023-09-05 18:13:24: Message => Unable to find aaa in app config
2023-09-05 18:13:24: Route => "/"
2023-09-05 18:13:24: Trace => #0 C:\xampp\htdocs\framework_clean\lib\Core\Services.php(56): Core\Services::findConfig('aaa')
2023-09-05 18:13:24: Trace => #1 C:\xampp\htdocs\framework_clean\lib\Core\Services.php(14): Core\Services::register()
2023-09-05 18:13:24: Trace => #2 C:\xampp\htdocs\framework_clean\web\app.php(26): Core\Services::setup()
2023-09-05 18:13:24: Trace => #3 C:\xampp\htdocs\framework_clean\web\app.php(32): Framework::boot()
2023-09-05 18:13:24: Trace => #4 {main}
2023-09-05 18:14:00: Message => Unable to find aaa in app config
2023-09-05 18:14:00: Route => "/"
2023-09-05 18:14:00: Trace => #0 C:\xampp\htdocs\framework_clean\lib\Core\Services.php(56): Core\Services::findConfig('aaa')
2023-09-05 18:14:00: Trace => #1 C:\xampp\htdocs\framework_clean\lib\Core\Services.php(14): Core\Services::register()
2023-09-05 18:14:00: Trace => #2 C:\xampp\htdocs\framework_clean\web\app.php(26): Core\Services::setup()
2023-09-05 18:14:00: Trace => #3 C:\xampp\htdocs\framework_clean\web\app.php(32): Framework::boot()
2023-09-05 18:14:00: Trace => #4 {main}
2023-09-05 18:14:09: Message => Unable to find aaa in app config
2023-09-05 18:14:09: Route => "/"
2023-09-05 18:14:09: Trace => #0 C:\xampp\htdocs\framework_clean\lib\Core\Services.php(56): Core\Services::findConfig('aaa')
2023-09-05 18:14:09: Trace => #1 C:\xampp\htdocs\framework_clean\lib\Core\Services.php(14): Core\Services::register()
2023-09-05 18:14:09: Trace => #2 C:\xampp\htdocs\framework_clean\web\app.php(26): Core\Services::setup()
2023-09-05 18:14:09: Trace => #3 C:\xampp\htdocs\framework_clean\web\app.php(32): Framework::boot()
2023-09-05 18:14:09: Trace => #4 {main}
2023-09-05 18:15:27: Message => Number of declared parameter doesn't match the injected
2023-09-05 18:15:27: Route => "/"
2023-09-05 18:15:27: Trace => #0 C:\xampp\htdocs\framework_clean\lib\Core\Services.php(14): Core\Services::register()
2023-09-05 18:15:27: Trace => #1 C:\xampp\htdocs\framework_clean\web\app.php(26): Core\Services::setup()
2023-09-05 18:15:27: Trace => #2 C:\xampp\htdocs\framework_clean\web\app.php(32): Framework::boot()
2023-09-05 18:15:27: Trace => #3 {main}
2023-09-05 18:16:32: Message => Declared parameter doesn't match the injected
2023-09-05 18:16:32: Route => "/"
2023-09-05 18:16:32: Trace => #0 C:\xampp\htdocs\framework_clean\lib\Core\Services.php(14): Core\Services::register()
2023-09-05 18:16:32: Trace => #1 C:\xampp\htdocs\framework_clean\web\app.php(26): Core\Services::setup()
2023-09-05 18:16:32: Trace => #2 C:\xampp\htdocs\framework_clean\web\app.php(32): Framework::boot()
2023-09-05 18:16:32: Trace => #3 {main}
2023-09-05 18:16:34: Message => Declared parameter doesn't match the injected
2023-09-05 18:16:34: Route => "/"
2023-09-05 18:16:34: Trace => #0 C:\xampp\htdocs\framework_clean\lib\Core\Services.php(14): Core\Services::register()
2023-09-05 18:16:34: Trace => #1 C:\xampp\htdocs\framework_clean\web\app.php(26): Core\Services::setup()
2023-09-05 18:16:34: Trace => #2 C:\xampp\htdocs\framework_clean\web\app.php(32): Framework::boot()
2023-09-05 18:16:34: Trace => #3 {main}
2023-09-05 18:17:03: Message => Number of declared parameter doesn't match the injected
2023-09-05 18:17:03: Route => "/"
2023-09-05 18:17:03: Trace => #0 C:\xampp\htdocs\framework_clean\lib\Core\Services.php(14): Core\Services::register()
2023-09-05 18:17:03: Trace => #1 C:\xampp\htdocs\framework_clean\web\app.php(26): Core\Services::setup()
2023-09-05 18:17:03: Trace => #2 C:\xampp\htdocs\framework_clean\web\app.php(32): Framework::boot()
2023-09-05 18:17:03: Trace => #3 {main}
2023-09-05 18:17:08: Message => Number of declared parameter doesn't match the injected
2023-09-05 18:17:08: Route => "/"
2023-09-05 18:17:08: Trace => #0 C:\xampp\htdocs\framework_clean\lib\Core\Services.php(14): Core\Services::register()
2023-09-05 18:17:08: Trace => #1 C:\xampp\htdocs\framework_clean\web\app.php(26): Core\Services::setup()
2023-09-05 18:17:08: Trace => #2 C:\xampp\htdocs\framework_clean\web\app.php(32): Framework::boot()
2023-09-05 18:17:08: Trace => #3 {main}
2023-09-05 18:17:23: Message => Number of declared parameter doesn't match the injected
2023-09-05 18:17:23: Route => "/"
2023-09-05 18:17:23: Trace => #0 C:\xampp\htdocs\framework_clean\lib\Core\Services.php(14): Core\Services::register()
2023-09-05 18:17:23: Trace => #1 C:\xampp\htdocs\framework_clean\web\app.php(26): Core\Services::setup()
2023-09-05 18:17:23: Trace => #2 C:\xampp\htdocs\framework_clean\web\app.php(32): Framework::boot()
2023-09-05 18:17:23: Trace => #3 {main}
2023-09-05 18:17:24: Message => Number of declared parameter doesn't match the injected
2023-09-05 18:17:24: Route => "/"
2023-09-05 18:17:24: Trace => #0 C:\xampp\htdocs\framework_clean\lib\Core\Services.php(14): Core\Services::register()
2023-09-05 18:17:24: Trace => #1 C:\xampp\htdocs\framework_clean\web\app.php(26): Core\Services::setup()
2023-09-05 18:17:24: Trace => #2 C:\xampp\htdocs\framework_clean\web\app.php(32): Framework::boot()
2023-09-05 18:17:24: Trace => #3 {main}
2023-09-05 18:17:24: Message => Number of declared parameter doesn't match the injected
2023-09-05 18:17:24: Route => "/"
2023-09-05 18:17:24: Trace => #0 C:\xampp\htdocs\framework_clean\lib\Core\Services.php(14): Core\Services::register()
2023-09-05 18:17:24: Trace => #1 C:\xampp\htdocs\framework_clean\web\app.php(26): Core\Services::setup()
2023-09-05 18:17:24: Trace => #2 C:\xampp\htdocs\framework_clean\web\app.php(32): Framework::boot()
2023-09-05 18:17:24: Trace => #3 {main}
2023-09-05 18:17:24: Message => Number of declared parameter doesn't match the injected
2023-09-05 18:17:24: Route => "/"
2023-09-05 18:17:24: Trace => #0 C:\xampp\htdocs\framework_clean\lib\Core\Services.php(14): Core\Services::register()
2023-09-05 18:17:24: Trace => #1 C:\xampp\htdocs\framework_clean\web\app.php(26): Core\Services::setup()
2023-09-05 18:17:24: Trace => #2 C:\xampp\htdocs\framework_clean\web\app.php(32): Framework::boot()
2023-09-05 18:17:24: Trace => #3 {main}
2023-09-05 18:17:30: Message => Declared parameter doesn't match the injected
2023-09-05 18:17:30: Route => "/"
2023-09-05 18:17:30: Trace => #0 C:\xampp\htdocs\framework_clean\lib\Core\Services.php(14): Core\Services::register()
2023-09-05 18:17:30: Trace => #1 C:\xampp\htdocs\framework_clean\web\app.php(26): Core\Services::setup()
2023-09-05 18:17:30: Trace => #2 C:\xampp\htdocs\framework_clean\web\app.php(32): Framework::boot()
2023-09-05 18:17:30: Trace => #3 {main}
2023-09-05 18:17:58: Message => Number of declared parameter doesn't match the injected
2023-09-05 18:17:58: Route => "/"
2023-09-05 18:17:58: Trace => #0 C:\xampp\htdocs\framework_clean\lib\Core\Services.php(14): Core\Services::register()
2023-09-05 18:17:58: Trace => #1 C:\xampp\htdocs\framework_clean\web\app.php(26): Core\Services::setup()
2023-09-05 18:17:58: Trace => #2 C:\xampp\htdocs\framework_clean\web\app.php(32): Framework::boot()
2023-09-05 18:17:58: Trace => #3 {main}
2023-09-05 18:17:58: Message => Number of declared parameter doesn't match the injected
2023-09-05 18:17:58: Route => "/"
2023-09-05 18:17:58: Trace => #0 C:\xampp\htdocs\framework_clean\lib\Core\Services.php(14): Core\Services::register()
2023-09-05 18:17:58: Trace => #1 C:\xampp\htdocs\framework_clean\web\app.php(26): Core\Services::setup()
2023-09-05 18:17:58: Trace => #2 C:\xampp\htdocs\framework_clean\web\app.php(32): Framework::boot()
2023-09-05 18:17:58: Trace => #3 {main}
2023-09-05 18:17:59: Message => Number of declared parameter doesn't match the injected
2023-09-05 18:17:59: Route => "/"
2023-09-05 18:17:59: Trace => #0 C:\xampp\htdocs\framework_clean\lib\Core\Services.php(14): Core\Services::register()
2023-09-05 18:17:59: Trace => #1 C:\xampp\htdocs\framework_clean\web\app.php(26): Core\Services::setup()
2023-09-05 18:17:59: Trace => #2 C:\xampp\htdocs\framework_clean\web\app.php(32): Framework::boot()
2023-09-05 18:17:59: Trace => #3 {main}
2023-09-05 18:18:09: Message => Number of declared parameter doesn't match the injected
2023-09-05 18:18:09: Route => "/"
2023-09-05 18:18:09: Trace => #0 C:\xampp\htdocs\framework_clean\lib\Core\Services.php(14): Core\Services::register()
2023-09-05 18:18:09: Trace => #1 C:\xampp\htdocs\framework_clean\web\app.php(26): Core\Services::setup()
2023-09-05 18:18:09: Trace => #2 C:\xampp\htdocs\framework_clean\web\app.php(32): Framework::boot()
2023-09-05 18:18:09: Trace => #3 {main}
2023-09-05 18:18:17: Message => Number of declared parameter doesn't match the injected
2023-09-05 18:18:17: Route => "/"
2023-09-05 18:18:17: Trace => #0 C:\xampp\htdocs\framework_clean\lib\Core\Services.php(14): Core\Services::register()
2023-09-05 18:18:17: Trace => #1 C:\xampp\htdocs\framework_clean\web\app.php(26): Core\Services::setup()
2023-09-05 18:18:17: Trace => #2 C:\xampp\htdocs\framework_clean\web\app.php(32): Framework::boot()
2023-09-05 18:18:17: Trace => #3 {main}
2023-09-05 18:18:18: Message => Number of declared parameter doesn't match the injected
2023-09-05 18:18:18: Route => "/"
2023-09-05 18:18:18: Trace => #0 C:\xampp\htdocs\framework_clean\lib\Core\Services.php(14): Core\Services::register()
2023-09-05 18:18:18: Trace => #1 C:\xampp\htdocs\framework_clean\web\app.php(26): Core\Services::setup()
2023-09-05 18:18:18: Trace => #2 C:\xampp\htdocs\framework_clean\web\app.php(32): Framework::boot()
2023-09-05 18:18:18: Trace => #3 {main}
2023-09-05 18:19:24: Message => Declared parameter doesn't match the injected
2023-09-05 18:19:24: Route => "/"
2023-09-05 18:19:24: Trace => #0 C:\xampp\htdocs\framework_clean\lib\Core\Services.php(14): Core\Services::register()
2023-09-05 18:19:24: Trace => #1 C:\xampp\htdocs\framework_clean\web\app.php(26): Core\Services::setup()
2023-09-05 18:19:24: Trace => #2 C:\xampp\htdocs\framework_clean\web\app.php(32): Framework::boot()
2023-09-05 18:19:24: Trace => #3 {main}
2023-09-05 18:20:49: Message => Declared parameter doesn't match the injected
2023-09-05 18:20:49: Route => "/"
2023-09-05 18:20:49: Trace => #0 C:\xampp\htdocs\framework_clean\lib\Core\Services.php(14): Core\Services::register()
2023-09-05 18:20:49: Trace => #1 C:\xampp\htdocs\framework_clean\web\app.php(26): Core\Services::setup()
2023-09-05 18:20:49: Trace => #2 C:\xampp\htdocs\framework_clean\web\app.php(32): Framework::boot()
2023-09-05 18:20:49: Trace => #3 {main}
2023-09-05 18:20:50: Message => Declared parameter doesn't match the injected
2023-09-05 18:20:50: Route => "/"
2023-09-05 18:20:50: Trace => #0 C:\xampp\htdocs\framework_clean\lib\Core\Services.php(14): Core\Services::register()
2023-09-05 18:20:50: Trace => #1 C:\xampp\htdocs\framework_clean\web\app.php(26): Core\Services::setup()
2023-09-05 18:20:50: Trace => #2 C:\xampp\htdocs\framework_clean\web\app.php(32): Framework::boot()
2023-09-05 18:20:50: Trace => #3 {main}
2023-09-05 18:20:59: Message => Declared parameter doesn't match the injected
2023-09-05 18:20:59: Route => "/"
2023-09-05 18:20:59: Trace => #0 C:\xampp\htdocs\framework_clean\lib\Core\Services.php(14): Core\Services::register()
2023-09-05 18:20:59: Trace => #1 C:\xampp\htdocs\framework_clean\web\app.php(26): Core\Services::setup()
2023-09-05 18:20:59: Trace => #2 C:\xampp\htdocs\framework_clean\web\app.php(32): Framework::boot()
2023-09-05 18:20:59: Trace => #3 {main}
2023-09-05 18:21:01: Message => Declared parameter doesn't match the injected
2023-09-05 18:21:01: Route => "/"
2023-09-05 18:21:01: Trace => #0 C:\xampp\htdocs\framework_clean\lib\Core\Services.php(14): Core\Services::register()
2023-09-05 18:21:01: Trace => #1 C:\xampp\htdocs\framework_clean\web\app.php(26): Core\Services::setup()
2023-09-05 18:21:01: Trace => #2 C:\xampp\htdocs\framework_clean\web\app.php(32): Framework::boot()
2023-09-05 18:21:01: Trace => #3 {main}
2023-09-05 18:21:01: Message => Declared parameter doesn't match the injected
2023-09-05 18:21:01: Route => "/"
2023-09-05 18:21:01: Trace => #0 C:\xampp\htdocs\framework_clean\lib\Core\Services.php(14): Core\Services::register()
2023-09-05 18:21:01: Trace => #1 C:\xampp\htdocs\framework_clean\web\app.php(26): Core\Services::setup()
2023-09-05 18:21:01: Trace => #2 C:\xampp\htdocs\framework_clean\web\app.php(32): Framework::boot()
2023-09-05 18:21:01: Trace => #3 {main}
2023-09-05 18:23:37: Message => Declared parameter doesn't match the injected
2023-09-05 18:23:37: Route => "/portfolio/"
2023-09-05 18:23:37: Trace => #0 C:\xampp\htdocs\framework_clean\lib\Core\Services.php(14): Core\Services::register()
2023-09-05 18:23:37: Trace => #1 C:\xampp\htdocs\framework_clean\web\app.php(26): Core\Services::setup()
2023-09-05 18:23:37: Trace => #2 C:\xampp\htdocs\framework_clean\web\app.php(32): Framework::boot()
2023-09-05 18:23:37: Trace => #3 {main}
2023-09-05 18:26:26: Message => Route not found
2023-09-05 18:26:26: Route => "/portfolio/"
2023-09-05 18:26:26: Trace => #0 C:\xampp\htdocs\framework_clean\web\app.php(28): App\AppRouter::setup()
2023-09-05 18:26:26: Trace => #1 C:\xampp\htdocs\framework_clean\web\app.php(32): Framework::boot()
2023-09-05 18:26:26: Trace => #2 {main}
2023-09-05 18:26:27: Message => Route not found
2023-09-05 18:26:27: Route => "/portfolio/"
2023-09-05 18:26:27: Trace => #0 C:\xampp\htdocs\framework_clean\web\app.php(28): App\AppRouter::setup()
2023-09-05 18:26:27: Trace => #1 C:\xampp\htdocs\framework_clean\web\app.php(32): Framework::boot()
2023-09-05 18:26:27: Trace => #2 {main}
2023-09-05 18:26:27: Message => Route not found
2023-09-05 18:26:27: Route => "/portfolio/"
2023-09-05 18:26:27: Trace => #0 C:\xampp\htdocs\framework_clean\web\app.php(28): App\AppRouter::setup()
2023-09-05 18:26:27: Trace => #1 C:\xampp\htdocs\framework_clean\web\app.php(32): Framework::boot()
2023-09-05 18:26:27: Trace => #2 {main}
2023-09-05 18:26:27: Message => Route not found
2023-09-05 18:26:27: Route => "/portfolio/"
2023-09-05 18:26:27: Trace => #0 C:\xampp\htdocs\framework_clean\web\app.php(28): App\AppRouter::setup()
2023-09-05 18:26:27: Trace => #1 C:\xampp\htdocs\framework_clean\web\app.php(32): Framework::boot()
2023-09-05 18:26:27: Trace => #2 {main}
2023-09-05 18:26:28: Message => Route not found
2023-09-05 18:26:28: Route => "/portfolio/"
2023-09-05 18:26:28: Trace => #0 C:\xampp\htdocs\framework_clean\web\app.php(28): App\AppRouter::setup()
2023-09-05 18:26:28: Trace => #1 C:\xampp\htdocs\framework_clean\web\app.php(32): Framework::boot()
2023-09-05 18:26:28: Trace => #2 {main}
2023-09-05 18:26:28: Message => Route not found
2023-09-05 18:26:28: Route => "/portfolio/"
2023-09-05 18:26:28: Trace => #0 C:\xampp\htdocs\framework_clean\web\app.php(28): App\AppRouter::setup()
2023-09-05 18:26:28: Trace => #1 C:\xampp\htdocs\framework_clean\web\app.php(32): Framework::boot()
2023-09-05 18:26:28: Trace => #2 {main}
2023-09-05 18:26:28: Message => Route not found
2023-09-05 18:26:28: Route => "/portfolio/"
2023-09-05 18:26:28: Trace => #0 C:\xampp\htdocs\framework_clean\web\app.php(28): App\AppRouter::setup()
2023-09-05 18:26:28: Trace => #1 C:\xampp\htdocs\framework_clean\web\app.php(32): Framework::boot()
2023-09-05 18:26:28: Trace => #2 {main}
2023-09-05 18:26:30: Message => Route not found
2023-09-05 18:26:30: Route => "/portfolio/"
2023-09-05 18:26:30: Trace => #0 C:\xampp\htdocs\framework_clean\web\app.php(28): App\AppRouter::setup()
2023-09-05 18:26:30: Trace => #1 C:\xampp\htdocs\framework_clean\web\app.php(32): Framework::boot()
2023-09-05 18:26:30: Trace => #2 {main}
2023-09-05 18:26:50: Message => Route not found
2023-09-05 18:26:50: Route => "/portfolio/"
2023-09-05 18:26:50: Trace => #0 C:\xampp\htdocs\framework_clean\web\app.php(28): App\AppRouter::setup()
2023-09-05 18:26:50: Trace => #1 C:\xampp\htdocs\framework_clean\web\app.php(32): Framework::boot()
2023-09-05 18:26:50: Trace => #2 {main}
2023-09-05 18:27:09: Message => Route not found
2023-09-05 18:27:09: Route => "/portfolio/"
2023-09-05 18:27:09: Trace => #0 C:\xampp\htdocs\framework_clean\web\app.php(28): App\AppRouter::setup()
2023-09-05 18:27:09: Trace => #1 C:\xampp\htdocs\framework_clean\web\app.php(32): Framework::boot()
2023-09-05 18:27:09: Trace => #2 {main}
2023-09-05 18:27:09: Message => Route not found
2023-09-05 18:27:09: Route => "/portfolio/"
2023-09-05 18:27:09: Trace => #0 C:\xampp\htdocs\framework_clean\web\app.php(28): App\AppRouter::setup()
2023-09-05 18:27:09: Trace => #1 C:\xampp\htdocs\framework_clean\web\app.php(32): Framework::boot()
2023-09-05 18:27:09: Trace => #2 {main}
2023-09-05 18:27:33: Message => Route not found
2023-09-05 18:27:33: Route => "/portfolio/"
2023-09-05 18:27:33: Trace => #0 C:\xampp\htdocs\framework_clean\web\app.php(28): App\AppRouter::setup()
2023-09-05 18:27:33: Trace => #1 C:\xampp\htdocs\framework_clean\web\app.php(32): Framework::boot()
2023-09-05 18:27:33: Trace => #2 {main}
2023-09-05 18:27:34: Message => Route not found
2023-09-05 18:27:34: Route => "/portfolio/"
2023-09-05 18:27:34: Trace => #0 C:\xampp\htdocs\framework_clean\web\app.php(28): App\AppRouter::setup()
2023-09-05 18:27:34: Trace => #1 C:\xampp\htdocs\framework_clean\web\app.php(32): Framework::boot()
2023-09-05 18:27:34: Trace => #2 {main}
2023-09-05 18:27:34: Message => Route not found
2023-09-05 18:27:34: Route => "/portfolio/"
2023-09-05 18:27:34: Trace => #0 C:\xampp\htdocs\framework_clean\web\app.php(28): App\AppRouter::setup()
2023-09-05 18:27:34: Trace => #1 C:\xampp\htdocs\framework_clean\web\app.php(32): Framework::boot()
2023-09-05 18:27:34: Trace => #2 {main}
2023-09-05 18:27:34: Message => Route not found
2023-09-05 18:27:34: Route => "/portfolio/"
2023-09-05 18:27:34: Trace => #0 C:\xampp\htdocs\framework_clean\web\app.php(28): App\AppRouter::setup()
2023-09-05 18:27:34: Trace => #1 C:\xampp\htdocs\framework_clean\web\app.php(32): Framework::boot()
2023-09-05 18:27:34: Trace => #2 {main}
2023-09-05 18:27:39: Message => Route not found
2023-09-05 18:27:39: Route => "/portfolio/"
2023-09-05 18:27:39: Trace => #0 C:\xampp\htdocs\framework_clean\web\app.php(28): App\AppRouter::setup()
2023-09-05 18:27:39: Trace => #1 C:\xampp\htdocs\framework_clean\web\app.php(32): Framework::boot()
2023-09-05 18:27:39: Trace => #2 {main}
2023-09-05 18:27:40: Message => Route not found
2023-09-05 18:27:40: Route => "/portfolio/"
2023-09-05 18:27:40: Trace => #0 C:\xampp\htdocs\framework_clean\web\app.php(28): App\AppRouter::setup()
2023-09-05 18:27:40: Trace => #1 C:\xampp\htdocs\framework_clean\web\app.php(32): Framework::boot()
2023-09-05 18:27:40: Trace => #2 {main}
2023-09-05 18:27:42: Message => Route not found
2023-09-05 18:27:42: Route => "/portfolio/"
2023-09-05 18:27:42: Trace => #0 C:\xampp\htdocs\framework_clean\web\app.php(28): App\AppRouter::setup()
2023-09-05 18:27:42: Trace => #1 C:\xampp\htdocs\framework_clean\web\app.php(32): Framework::boot()
2023-09-05 18:27:42: Trace => #2 {main}
2023-09-05 18:27:42: Message => Route not found
2023-09-05 18:27:42: Route => "/portfolio/"
2023-09-05 18:27:42: Trace => #0 C:\xampp\htdocs\framework_clean\web\app.php(28): App\AppRouter::setup()
2023-09-05 18:27:42: Trace => #1 C:\xampp\htdocs\framework_clean\web\app.php(32): Framework::boot()
2023-09-05 18:27:42: Trace => #2 {main}
2023-09-05 18:27:43: Message => Route not found
2023-09-05 18:27:43: Route => "/portfolio/"
2023-09-05 18:27:43: Trace => #0 C:\xampp\htdocs\framework_clean\web\app.php(28): App\AppRouter::setup()
2023-09-05 18:27:43: Trace => #1 C:\xampp\htdocs\framework_clean\web\app.php(32): Framework::boot()
2023-09-05 18:27:43: Trace => #2 {main}
2023-09-05 18:27:43: Message => Route not found
2023-09-05 18:27:43: Route => "/portfolio/"
2023-09-05 18:27:43: Trace => #0 C:\xampp\htdocs\framework_clean\web\app.php(28): App\AppRouter::setup()
2023-09-05 18:27:43: Trace => #1 C:\xampp\htdocs\framework_clean\web\app.php(32): Framework::boot()
2023-09-05 18:27:43: Trace => #2 {main}
2023-09-05 18:27:43: Message => Route not found
2023-09-05 18:27:43: Route => "/portfolio/"
2023-09-05 18:27:43: Trace => #0 C:\xampp\htdocs\framework_clean\web\app.php(28): App\AppRouter::setup()
2023-09-05 18:27:43: Trace => #1 C:\xampp\htdocs\framework_clean\web\app.php(32): Framework::boot()
2023-09-05 18:27:43: Trace => #2 {main}
2023-09-05 18:27:44: Message => Route not found
2023-09-05 18:27:44: Route => "/portfolio/"
2023-09-05 18:27:44: Trace => #0 C:\xampp\htdocs\framework_clean\web\app.php(28): App\AppRouter::setup()
2023-09-05 18:27:44: Trace => #1 C:\xampp\htdocs\framework_clean\web\app.php(32): Framework::boot()
2023-09-05 18:27:44: Trace => #2 {main}
2023-09-05 18:27:45: Message => Route not found
2023-09-05 18:27:45: Route => "/portfolio/"
2023-09-05 18:27:45: Trace => #0 C:\xampp\htdocs\framework_clean\web\app.php(28): App\AppRouter::setup()
2023-09-05 18:27:45: Trace => #1 C:\xampp\htdocs\framework_clean\web\app.php(32): Framework::boot()
2023-09-05 18:27:45: Trace => #2 {main}
2023-09-05 18:27:45: Message => Route not found
2023-09-05 18:27:45: Route => "/portfolio/"
2023-09-05 18:27:45: Trace => #0 C:\xampp\htdocs\framework_clean\web\app.php(28): App\AppRouter::setup()
2023-09-05 18:27:45: Trace => #1 C:\xampp\htdocs\framework_clean\web\app.php(32): Framework::boot()
2023-09-05 18:27:45: Trace => #2 {main}
2023-09-05 18:27:48: Message => Route not found
2023-09-05 18:27:48: Route => "/portfolio/"
2023-09-05 18:27:48: Trace => #0 C:\xampp\htdocs\framework_clean\web\app.php(28): App\AppRouter::setup()
2023-09-05 18:27:48: Trace => #1 C:\xampp\htdocs\framework_clean\web\app.php(32): Framework::boot()
2023-09-05 18:27:48: Trace => #2 {main}
2023-09-05 18:27:49: Message => Route not found
2023-09-05 18:27:49: Route => "/portfolio/"
2023-09-05 18:27:49: Trace => #0 C:\xampp\htdocs\framework_clean\web\app.php(28): App\AppRouter::setup()
2023-09-05 18:27:49: Trace => #1 C:\xampp\htdocs\framework_clean\web\app.php(32): Framework::boot()
2023-09-05 18:27:49: Trace => #2 {main}
2023-09-05 18:27:49: Message => Route not found
2023-09-05 18:27:49: Route => "/portfolio/"
2023-09-05 18:27:49: Trace => #0 C:\xampp\htdocs\framework_clean\web\app.php(28): App\AppRouter::setup()
2023-09-05 18:27:49: Trace => #1 C:\xampp\htdocs\framework_clean\web\app.php(32): Framework::boot()
2023-09-05 18:27:49: Trace => #2 {main}
2023-09-05 18:27:50: Message => Route not found
2023-09-05 18:27:50: Route => "/portfolio/"
2023-09-05 18:27:50: Trace => #0 C:\xampp\htdocs\framework_clean\web\app.php(28): App\AppRouter::setup()
2023-09-05 18:27:50: Trace => #1 C:\xampp\htdocs\framework_clean\web\app.php(32): Framework::boot()
2023-09-05 18:27:50: Trace => #2 {main}
2023-09-05 18:27:50: Message => Route not found
2023-09-05 18:27:50: Route => "/portfolio/"
2023-09-05 18:27:50: Trace => #0 C:\xampp\htdocs\framework_clean\web\app.php(28): App\AppRouter::setup()
2023-09-05 18:27:50: Trace => #1 C:\xampp\htdocs\framework_clean\web\app.php(32): Framework::boot()
2023-09-05 18:27:50: Trace => #2 {main}
2023-09-05 18:27:50: Message => Route not found
2023-09-05 18:27:50: Route => "/portfolio/"
2023-09-05 18:27:50: Trace => #0 C:\xampp\htdocs\framework_clean\web\app.php(28): App\AppRouter::setup()
2023-09-05 18:27:50: Trace => #1 C:\xampp\htdocs\framework_clean\web\app.php(32): Framework::boot()
2023-09-05 18:27:50: Trace => #2 {main}
2023-09-05 18:27:56: Message => Route not found
2023-09-05 18:27:56: Route => "/portfolio/"
2023-09-05 18:27:56: Trace => #0 C:\xampp\htdocs\framework_clean\web\app.php(28): App\AppRouter::setup()
2023-09-05 18:27:56: Trace => #1 C:\xampp\htdocs\framework_clean\web\app.php(32): Framework::boot()
2023-09-05 18:27:56: Trace => #2 {main}
2023-09-05 18:28:16: Message => Route not found
2023-09-05 18:28:16: Route => "/portfolio/"
2023-09-05 18:28:16: Trace => #0 C:\xampp\htdocs\framework_clean\web\app.php(28): App\AppRouter::setup()
2023-09-05 18:28:16: Trace => #1 C:\xampp\htdocs\framework_clean\web\app.php(32): Framework::boot()
2023-09-05 18:28:16: Trace => #2 {main}
2023-09-05 18:29:08: Message => Route not found
2023-09-05 18:29:08: Route => "/portfolio/"
2023-09-05 18:29:08: Trace => #0 C:\xampp\htdocs\framework_clean\web\app.php(25): App\AppRouter::setup()
2023-09-05 18:29:08: Trace => #1 C:\xampp\htdocs\framework_clean\web\app.php(32): Framework::boot()
2023-09-05 18:29:08: Trace => #2 {main}
2023-09-05 18:29:09: Message => Route not found
2023-09-05 18:29:09: Route => "/portfolio/"
2023-09-05 18:29:09: Trace => #0 C:\xampp\htdocs\framework_clean\web\app.php(25): App\AppRouter::setup()
2023-09-05 18:29:09: Trace => #1 C:\xampp\htdocs\framework_clean\web\app.php(32): Framework::boot()
2023-09-05 18:29:09: Trace => #2 {main}
2023-09-05 18:29:09: Message => Route not found
2023-09-05 18:29:09: Route => "/portfolio/"
2023-09-05 18:29:09: Trace => #0 C:\xampp\htdocs\framework_clean\web\app.php(25): App\AppRouter::setup()
2023-09-05 18:29:09: Trace => #1 C:\xampp\htdocs\framework_clean\web\app.php(32): Framework::boot()
2023-09-05 18:29:09: Trace => #2 {main}
2023-09-05 18:29:09: Message => Route not found
2023-09-05 18:29:09: Route => "/portfolio/"
2023-09-05 18:29:09: Trace => #0 C:\xampp\htdocs\framework_clean\web\app.php(25): App\AppRouter::setup()
2023-09-05 18:29:09: Trace => #1 C:\xampp\htdocs\framework_clean\web\app.php(32): Framework::boot()
2023-09-05 18:29:09: Trace => #2 {main}
2023-09-05 18:29:09: Message => Route not found
2023-09-05 18:29:09: Route => "/portfolio/"
2023-09-05 18:29:09: Trace => #0 C:\xampp\htdocs\framework_clean\web\app.php(25): App\AppRouter::setup()
2023-09-05 18:29:09: Trace => #1 C:\xampp\htdocs\framework_clean\web\app.php(32): Framework::boot()
2023-09-05 18:29:09: Trace => #2 {main}
2023-09-05 18:29:27: Message => Route not found
2023-09-05 18:29:27: Route => "/portfolio/"
2023-09-05 18:29:27: Trace => #0 C:\xampp\htdocs\framework_clean\web\app.php(25): App\AppRouter::setup()
2023-09-05 18:29:27: Trace => #1 C:\xampp\htdocs\framework_clean\web\app.php(32): Framework::boot()
2023-09-05 18:29:27: Trace => #2 {main}
2023-09-05 18:29:34: Message => Route not found
2023-09-05 18:29:34: Route => "/portfolio/"
2023-09-05 18:29:34: Trace => #0 C:\xampp\htdocs\framework_clean\web\app.php(25): App\AppRouter::setup()
2023-09-05 18:29:34: Trace => #1 C:\xampp\htdocs\framework_clean\web\app.php(32): Framework::boot()
2023-09-05 18:29:34: Trace => #2 {main}
2023-09-05 18:30:13: Message => Route not found
2023-09-05 18:30:13: Route => "/portfolio/"
2023-09-05 18:30:13: Trace => #0 C:\xampp\htdocs\framework_clean\web\app.php(25): App\AppRouter::setup()
2023-09-05 18:30:13: Trace => #1 C:\xampp\htdocs\framework_clean\web\app.php(32): Framework::boot()
2023-09-05 18:30:13: Trace => #2 {main}
2023-09-05 18:30:53: Message => Route not found
2023-09-05 18:30:53: Route => "/portfolio/"
2023-09-05 18:30:53: Trace => #0 C:\xampp\htdocs\framework_clean\web\app.php(28): App\AppRouter::setup()
2023-09-05 18:30:53: Trace => #1 C:\xampp\htdocs\framework_clean\web\app.php(33): Framework::boot()
2023-09-05 18:30:53: Trace => #2 {main}
2023-09-05 18:30:53: Message => Route not found
2023-09-05 18:30:53: Route => "/portfolio/"
2023-09-05 18:30:53: Trace => #0 C:\xampp\htdocs\framework_clean\web\app.php(28): App\AppRouter::setup()
2023-09-05 18:30:53: Trace => #1 C:\xampp\htdocs\framework_clean\web\app.php(33): Framework::boot()
2023-09-05 18:30:53: Trace => #2 {main}
2023-09-05 18:30:53: Message => Route not found
2023-09-05 18:30:53: Route => "/portfolio/"
2023-09-05 18:30:53: Trace => #0 C:\xampp\htdocs\framework_clean\web\app.php(28): App\AppRouter::setup()
2023-09-05 18:30:53: Trace => #1 C:\xampp\htdocs\framework_clean\web\app.php(33): Framework::boot()
2023-09-05 18:30:53: Trace => #2 {main}
2023-09-05 18:30:54: Message => Route not found
2023-09-05 18:30:54: Route => "/portfolio/"
2023-09-05 18:30:54: Trace => #0 C:\xampp\htdocs\framework_clean\web\app.php(28): App\AppRouter::setup()
2023-09-05 18:30:54: Trace => #1 C:\xampp\htdocs\framework_clean\web\app.php(33): Framework::boot()
2023-09-05 18:30:54: Trace => #2 {main}
2023-09-05 23:22:49: Message => Route not found
2023-09-05 23:22:49: Route => "/portfolio/"
2023-09-05 23:22:49: Trace => #0 C:\xampp\htdocs\framework_clean\web\app.php(26): App\AppRouter::setup()
2023-09-05 23:22:49: Trace => #1 C:\xampp\htdocs\framework_clean\web\app.php(33): Framework::boot()
2023-09-05 23:22:49: Trace => #2 {main}
2023-09-05 23:22:50: Message => Route not found
2023-09-05 23:22:50: Route => "/portfolio/"
2023-09-05 23:22:50: Trace => #0 C:\xampp\htdocs\framework_clean\web\app.php(26): App\AppRouter::setup()
2023-09-05 23:22:50: Trace => #1 C:\xampp\htdocs\framework_clean\web\app.php(33): Framework::boot()
2023-09-05 23:22:50: Trace => #2 {main}
2023-09-05 23:22:50: Message => Route not found
2023-09-05 23:22:50: Route => "/portfolio/"
2023-09-05 23:22:50: Trace => #0 C:\xampp\htdocs\framework_clean\web\app.php(26): App\AppRouter::setup()
2023-09-05 23:22:50: Trace => #1 C:\xampp\htdocs\framework_clean\web\app.php(33): Framework::boot()
2023-09-05 23:22:50: Trace => #2 {main}
2023-09-05 23:22:51: Message => Route not found
2023-09-05 23:22:51: Route => "/portfolio/"
2023-09-05 23:22:51: Trace => #0 C:\xampp\htdocs\framework_clean\web\app.php(26): App\AppRouter::setup()
2023-09-05 23:22:51: Trace => #1 C:\xampp\htdocs\framework_clean\web\app.php(33): Framework::boot()
2023-09-05 23:22:51: Trace => #2 {main}
2023-09-05 23:22:54: Message => Route not found
2023-09-05 23:22:54: Route => "/portfolio/"
2023-09-05 23:22:54: Trace => #0 C:\xampp\htdocs\framework_clean\web\app.php(26): App\AppRouter::setup()
2023-09-05 23:22:54: Trace => #1 C:\xampp\htdocs\framework_clean\web\app.php(33): Framework::boot()
2023-09-05 23:22:54: Trace => #2 {main}
2023-09-05 23:22:55: Message => Route not found
2023-09-05 23:22:55: Route => "/portfolio/"
2023-09-05 23:22:55: Trace => #0 C:\xampp\htdocs\framework_clean\web\app.php(26): App\AppRouter::setup()
2023-09-05 23:22:55: Trace => #1 C:\xampp\htdocs\framework_clean\web\app.php(33): Framework::boot()
2023-09-05 23:22:55: Trace => #2 {main}
2023-09-05 23:24:09: Message => Route not found
2023-09-05 23:24:09: Route => "/portfolio/"
2023-09-05 23:24:09: Trace => #0 C:\xampp\htdocs\framework_clean\web\app.php(26): App\AppRouter::setup()
2023-09-05 23:24:09: Trace => #1 C:\xampp\htdocs\framework_clean\web\app.php(33): Framework::boot()
2023-09-05 23:24:09: Trace => #2 {main}
2023-09-05 23:43:18: Message => Route not found
2023-09-05 23:43:18: Route => "/portfolio/"
2023-09-05 23:43:18: Trace => #0 C:\xampp\htdocs\framework_clean\web\app.php(26): App\AppRouter::setup()
2023-09-05 23:43:18: Trace => #1 C:\xampp\htdocs\framework_clean\web\app.php(32): Framework::boot()
2023-09-05 23:43:18: Trace => #2 {main}
2023-09-05 23:43:59: Message => Route not found
2023-09-05 23:43:59: Route => "/portfolio/"
2023-09-05 23:43:59: Trace => #0 C:\xampp\htdocs\framework_clean\web\app.php(26): App\AppRouter::setup()
2023-09-05 23:43:59: Trace => #1 C:\xampp\htdocs\framework_clean\web\app.php(32): Framework::boot()
2023-09-05 23:43:59: Trace => #2 {main}
2023-09-05 23:44:00: Message => Route not found
2023-09-05 23:44:00: Route => "/portfolio/"
2023-09-05 23:44:00: Trace => #0 C:\xampp\htdocs\framework_clean\web\app.php(26): App\AppRouter::setup()
2023-09-05 23:44:00: Trace => #1 C:\xampp\htdocs\framework_clean\web\app.php(32): Framework::boot()
2023-09-05 23:44:00: Trace => #2 {main}
2023-09-05 23:44:00: Message => Route not found
2023-09-05 23:44:00: Route => "/portfolio/"
2023-09-05 23:44:00: Trace => #0 C:\xampp\htdocs\framework_clean\web\app.php(26): App\AppRouter::setup()
2023-09-05 23:44:00: Trace => #1 C:\xampp\htdocs\framework_clean\web\app.php(32): Framework::boot()
2023-09-05 23:44:00: Trace => #2 {main}
2023-09-05 23:48:05: Message => Route not found
2023-09-05 23:48:05: Route => "/portfolio/"
2023-09-05 23:48:05: Trace => #0 C:\xampp\htdocs\framework_clean\web\app.php(27): App\AppRouter::setup()
2023-09-05 23:48:05: Trace => #1 C:\xampp\htdocs\framework_clean\web\app.php(33): Framework::boot()
2023-09-05 23:48:05: Trace => #2 {main}
2023-09-05 23:48:07: Message => Route not found
2023-09-05 23:48:07: Route => "/portfolio/"
2023-09-05 23:48:07: Trace => #0 C:\xampp\htdocs\framework_clean\web\app.php(27): App\AppRouter::setup()
2023-09-05 23:48:07: Trace => #1 C:\xampp\htdocs\framework_clean\web\app.php(33): Framework::boot()
2023-09-05 23:48:07: Trace => #2 {main}
2023-09-05 23:48:07: Message => Route not found
2023-09-05 23:48:07: Route => "/portfolio/"
2023-09-05 23:48:07: Trace => #0 C:\xampp\htdocs\framework_clean\web\app.php(27): App\AppRouter::setup()
2023-09-05 23:48:07: Trace => #1 C:\xampp\htdocs\framework_clean\web\app.php(33): Framework::boot()
2023-09-05 23:48:07: Trace => #2 {main}
2023-09-05 23:50:36: Message => Route not found
2023-09-05 23:50:36: Route => "/portfolio/"
2023-09-05 23:50:36: Trace => #0 C:\xampp\htdocs\framework_clean\web\app.php(26): App\AppRouter::setup()
2023-09-05 23:50:36: Trace => #1 C:\xampp\htdocs\framework_clean\web\app.php(34): Framework::boot()
2023-09-05 23:50:36: Trace => #2 {main}
2023-09-05 23:50:37: Message => Route not found
2023-09-05 23:50:37: Route => "/portfolio/"
2023-09-05 23:50:37: Trace => #0 C:\xampp\htdocs\framework_clean\web\app.php(26): App\AppRouter::setup()
2023-09-05 23:50:37: Trace => #1 C:\xampp\htdocs\framework_clean\web\app.php(34): Framework::boot()
2023-09-05 23:50:37: Trace => #2 {main}
2023-09-05 23:50:41: Message => Route not found
2023-09-05 23:50:41: Route => "/portfolio/"
2023-09-05 23:50:41: Trace => #0 C:\xampp\htdocs\framework_clean\web\app.php(26): App\AppRouter::setup()
2023-09-05 23:50:41: Trace => #1 C:\xampp\htdocs\framework_clean\web\app.php(34): Framework::boot()
2023-09-05 23:50:41: Trace => #2 {main}
2023-09-05 23:50:41: Message => Route not found
2023-09-05 23:50:41: Route => "/portfolio/"
2023-09-05 23:50:41: Trace => #0 C:\xampp\htdocs\framework_clean\web\app.php(26): App\AppRouter::setup()
2023-09-05 23:50:41: Trace => #1 C:\xampp\htdocs\framework_clean\web\app.php(34): Framework::boot()
2023-09-05 23:50:41: Trace => #2 {main}
2023-09-05 23:50:47: Message => Route not found
2023-09-05 23:50:47: Route => "/portfolio/"
2023-09-05 23:50:47: Trace => #0 C:\xampp\htdocs\framework_clean\web\app.php(26): App\AppRouter::setup()
2023-09-05 23:50:47: Trace => #1 C:\xampp\htdocs\framework_clean\web\app.php(34): Framework::boot()
2023-09-05 23:50:47: Trace => #2 {main}
2023-09-05 23:50:47: Message => Route not found
2023-09-05 23:50:47: Route => "/portfolio/"
2023-09-05 23:50:47: Trace => #0 C:\xampp\htdocs\framework_clean\web\app.php(26): App\AppRouter::setup()
2023-09-05 23:50:47: Trace => #1 C:\xampp\htdocs\framework_clean\web\app.php(34): Framework::boot()
2023-09-05 23:50:47: Trace => #2 {main}
2023-09-05 23:55:43: Message => Route not found
2023-09-05 23:55:43: Route => "/portfolio/"
2023-09-05 23:55:43: Trace => #0 C:\xampp\htdocs\framework_clean\web\app.php(28): App\AppRouter::setup()
2023-09-05 23:55:43: Trace => #1 C:\xampp\htdocs\framework_clean\web\app.php(32): Framework::boot()
2023-09-05 23:55:43: Trace => #2 {main}
2023-09-05 23:58:36: Message => Route not found
2023-09-05 23:58:36: Route => "/portfolio/"
2023-09-05 23:58:36: Trace => #0 C:\xampp\htdocs\framework_clean\web\app.php(28): App\AppRouter::setup()
2023-09-05 23:58:36: Trace => #1 C:\xampp\htdocs\framework_clean\web\app.php(32): Framework::boot()
2023-09-05 23:58:36: Trace => #2 {main}
2023-09-05 23:58:36: Message => Route not found
2023-09-05 23:58:36: Route => "/portfolio/"
2023-09-05 23:58:36: Trace => #0 C:\xampp\htdocs\framework_clean\web\app.php(28): App\AppRouter::setup()
2023-09-05 23:58:36: Trace => #1 C:\xampp\htdocs\framework_clean\web\app.php(32): Framework::boot()
2023-09-05 23:58:36: Trace => #2 {main}
2023-09-05 23:58:51: Message => Route not found
2023-09-05 23:58:51: Route => "/portfolio/"
2023-09-05 23:58:51: Trace => #0 C:\xampp\htdocs\framework_clean\web\app.php(28): App\AppRouter::setup()
2023-09-05 23:58:51: Trace => #1 C:\xampp\htdocs\framework_clean\web\app.php(32): Framework::boot()
2023-09-05 23:58:51: Trace => #2 {main}
2023-09-05 23:59:16: Message => Route not found
2023-09-05 23:59:16: Route => "/portfolio/"
2023-09-05 23:59:16: Trace => #0 C:\xampp\htdocs\framework_clean\web\app.php(28): App\AppRouter::setup()
2023-09-05 23:59:16: Trace => #1 C:\xampp\htdocs\framework_clean\web\app.php(32): Framework::boot()
2023-09-05 23:59:16: Trace => #2 {main}
2023-09-05 23:59:16: Message => Route not found
2023-09-05 23:59:16: Route => "/portfolio/"
2023-09-05 23:59:16: Trace => #0 C:\xampp\htdocs\framework_clean\web\app.php(28): App\AppRouter::setup()
2023-09-05 23:59:16: Trace => #1 C:\xampp\htdocs\framework_clean\web\app.php(32): Framework::boot()
2023-09-05 23:59:16: Trace => #2 {main}
