2023-09-06 00:00:21: Message => Route not found
2023-09-06 00:00:21: Route => "/portfolio/"
2023-09-06 00:00:21: Trace => #0 C:\xampp\htdocs\framework_clean\web\app.php(28): App\AppRouter::setup()
2023-09-06 00:00:21: Trace => #1 C:\xampp\htdocs\framework_clean\web\app.php(32): Framework::boot()
2023-09-06 00:00:21: Trace => #2 {main}
2023-09-06 00:00:26: Message => Route not found
2023-09-06 00:00:26: Route => "/portfolio/"
2023-09-06 00:00:26: Trace => #0 C:\xampp\htdocs\framework_clean\web\app.php(28): App\AppRouter::setup()
2023-09-06 00:00:26: Trace => #1 C:\xampp\htdocs\framework_clean\web\app.php(32): Framework::boot()
2023-09-06 00:00:26: Trace => #2 {main}
2023-09-06 00:00:26: Message => Route not found
2023-09-06 00:00:26: Route => "/portfolio/"
2023-09-06 00:00:26: Trace => #0 C:\xampp\htdocs\framework_clean\web\app.php(28): App\AppRouter::setup()
2023-09-06 00:00:26: Trace => #1 C:\xampp\htdocs\framework_clean\web\app.php(32): Framework::boot()
2023-09-06 00:00:26: Trace => #2 {main}
2023-09-06 00:00:27: Message => Route not found
2023-09-06 00:00:27: Route => "/portfolio/"
2023-09-06 00:00:27: Trace => #0 C:\xampp\htdocs\framework_clean\web\app.php(28): App\AppRouter::setup()
2023-09-06 00:00:27: Trace => #1 C:\xampp\htdocs\framework_clean\web\app.php(32): Framework::boot()
2023-09-06 00:00:27: Trace => #2 {main}
2023-09-06 00:00:27: Message => Route not found
2023-09-06 00:00:27: Route => "/portfolio/"
2023-09-06 00:00:27: Trace => #0 C:\xampp\htdocs\framework_clean\web\app.php(28): App\AppRouter::setup()
2023-09-06 00:00:27: Trace => #1 C:\xampp\htdocs\framework_clean\web\app.php(32): Framework::boot()
2023-09-06 00:00:27: Trace => #2 {main}
2023-09-06 00:00:34: Message => Route not found
2023-09-06 00:00:34: Route => "/portfolio/"
2023-09-06 00:00:34: Trace => #0 C:\xampp\htdocs\framework_clean\web\app.php(28): App\AppRouter::setup()
2023-09-06 00:00:34: Trace => #1 C:\xampp\htdocs\framework_clean\web\app.php(32): Framework::boot()
2023-09-06 00:00:34: Trace => #2 {main}
2023-09-06 00:00:35: Message => Route not found
2023-09-06 00:00:35: Route => "/portfolio/"
2023-09-06 00:00:35: Trace => #0 C:\xampp\htdocs\framework_clean\web\app.php(28): App\AppRouter::setup()
2023-09-06 00:00:35: Trace => #1 C:\xampp\htdocs\framework_clean\web\app.php(32): Framework::boot()
2023-09-06 00:00:35: Trace => #2 {main}
2023-09-06 00:00:35: Message => Route not found
2023-09-06 00:00:35: Route => "/portfolio/"
2023-09-06 00:00:35: Trace => #0 C:\xampp\htdocs\framework_clean\web\app.php(28): App\AppRouter::setup()
2023-09-06 00:00:35: Trace => #1 C:\xampp\htdocs\framework_clean\web\app.php(32): Framework::boot()
2023-09-06 00:00:35: Trace => #2 {main}
2023-09-06 00:00:42: Message => Route not found
2023-09-06 00:00:42: Route => "/portfolio/"
2023-09-06 00:00:42: Trace => #0 C:\xampp\htdocs\framework_clean\web\app.php(28): App\AppRouter::setup()
2023-09-06 00:00:42: Trace => #1 C:\xampp\htdocs\framework_clean\web\app.php(32): Framework::boot()
2023-09-06 00:00:42: Trace => #2 {main}
2023-09-06 00:00:44: Message => Route not found
2023-09-06 00:00:44: Route => "/portfolio/"
2023-09-06 00:00:44: Trace => #0 C:\xampp\htdocs\framework_clean\web\app.php(28): App\AppRouter::setup()
2023-09-06 00:00:44: Trace => #1 C:\xampp\htdocs\framework_clean\web\app.php(32): Framework::boot()
2023-09-06 00:00:44: Trace => #2 {main}
2023-09-06 00:00:45: Message => Route not found
2023-09-06 00:00:45: Route => "/portfolio/"
2023-09-06 00:00:45: Trace => #0 C:\xampp\htdocs\framework_clean\web\app.php(28): App\AppRouter::setup()
2023-09-06 00:00:45: Trace => #1 C:\xampp\htdocs\framework_clean\web\app.php(32): Framework::boot()
2023-09-06 00:00:45: Trace => #2 {main}
2023-09-06 00:01:32: Message => Route not found
2023-09-06 00:01:32: Route => "/portfolio/"
2023-09-06 00:01:32: Trace => #0 C:\xampp\htdocs\framework_clean\web\app.php(28): App\AppRouter::setup()
2023-09-06 00:01:32: Trace => #1 C:\xampp\htdocs\framework_clean\web\app.php(32): Framework::boot()
2023-09-06 00:01:32: Trace => #2 {main}
2023-09-06 00:01:32: Message => Route not found
2023-09-06 00:01:32: Route => "/portfolio/"
2023-09-06 00:01:32: Trace => #0 C:\xampp\htdocs\framework_clean\web\app.php(28): App\AppRouter::setup()
2023-09-06 00:01:32: Trace => #1 C:\xampp\htdocs\framework_clean\web\app.php(32): Framework::boot()
2023-09-06 00:01:32: Trace => #2 {main}
2023-09-06 00:01:32: Message => Route not found
2023-09-06 00:01:32: Route => "/portfolio/"
2023-09-06 00:01:32: Trace => #0 C:\xampp\htdocs\framework_clean\web\app.php(28): App\AppRouter::setup()
2023-09-06 00:01:32: Trace => #1 C:\xampp\htdocs\framework_clean\web\app.php(32): Framework::boot()
2023-09-06 00:01:32: Trace => #2 {main}
2023-09-06 00:02:25: Message => Route not found
2023-09-06 00:02:25: Route => "/portfolio/"
2023-09-06 00:02:25: Trace => #0 C:\xampp\htdocs\framework_clean\web\app.php(28): App\AppRouter::setup()
2023-09-06 00:02:25: Trace => #1 C:\xampp\htdocs\framework_clean\web\app.php(32): Framework::boot()
2023-09-06 00:02:25: Trace => #2 {main}
2023-09-06 00:02:25: Message => Route not found
2023-09-06 00:02:25: Route => "/portfolio/"
2023-09-06 00:02:25: Trace => #0 C:\xampp\htdocs\framework_clean\web\app.php(28): App\AppRouter::setup()
2023-09-06 00:02:25: Trace => #1 C:\xampp\htdocs\framework_clean\web\app.php(32): Framework::boot()
2023-09-06 00:02:25: Trace => #2 {main}
